<?xml version="1.0" encoding="UTF-8"?><testsuite name="nosetests" tests="122" errors="3" failures="1" skip="2"><testcase classname="PSetTweaks_t.WMTweak_t.WMTweakTest" name="testFirstRunMC" time="0.001"></testcase><testcase classname="PSetTweaks_t.WMTweak_t.WMTweakTest" name="testFirstLumiMC" time="0.001"></testcase><testcase classname="WMCore_t.ACDC_t.CouchFileset_t.CouchFileset_t" name="testListFiles" time="1.390"></testcase><testcase classname="WMCore_t.ACDC_t.CouchService_t.CouchService_t" name="testListCollectionsFilesets" time="0.513"></testcase><testcase classname="WMCore_t.WMBase_t.WMBaseTest" name="testA" time="0.000"></testcase><testcase classname="WMCore_t.WMRuntime_t.DashboardInterface_t.DashboardInterfaceTest" name="testMultithreadedApplication" time="1.490"><system-out><![CDATA[+++ getdata, url=https://cmssdt.cern.ch/SDT/cgi-bin/ReleasesXML?anytype=1, headers={}
handler <WMCore.ReqMgr.Utils.url_utils.HTTPSClientAuthHandler instance at 0x7f5da42527e8> {'_debuglevel': 0, 'cert': '/home/cmsbld/.globus/usercert.pem', '_context': None, 'key': '/home/cmsbld/.globus/userkey.pem'}
Mon Dec 12 15:28:19 2016: ApMon[INFO]: Adding destination 127.0.0.1:8884 
Mon Dec 12 15:28:19 2016: ApMon[DEBUG]: Overwritting option: sys_monitoring = 0
Mon Dec 12 15:28:19 2016: ApMon[DEBUG]: Overwritting option: general_info = 0
Mon Dec 12 15:28:19 2016: ApMon[DEBUG]: Overwritting option: job_monitoring = 0
Mon Dec 12 15:28:19 2016: ApMon[NOTICE]: Adding parameter datasetFull = /MinimumBias/ComissioningHI-v1/RAW
Mon Dec 12 15:28:19 2016: ApMon[NOTICE]: Adding parameter tool = WMAgent
Mon Dec 12 15:28:19 2016: ApMon[NOTICE]: Adding parameter MessageType = TaskMeta
Mon Dec 12 15:28:19 2016: ApMon[NOTICE]: Adding parameter JobName = taskMeta
Mon Dec 12 15:28:19 2016: ApMon[NOTICE]: Adding parameter application = CMSSW_7_6_2
Mon Dec 12 15:28:19 2016: ApMon[NOTICE]: Adding parameter JSToolVersion = 1.0.23
Mon Dec 12 15:28:19 2016: ApMon[NOTICE]: Adding parameter TaskType = reprocessing
Mon Dec 12 15:28:19 2016: ApMon[NOTICE]: Adding parameter CMSUser = cmsdataops
Mon Dec 12 15:28:19 2016: ApMon[NOTICE]: Adding parameter TaskName = wmagent_Tier1ReReco
Mon Dec 12 15:28:19 2016: ApMon[DEBUG]: previously sent: 0; dropped: 0
Mon Dec 12 15:28:19 2016: ApMon[NOTICE]: Building XDR packet [wmagent_Tier1ReReco/taskMeta] <1/8256722> 9 params, 388 bytes.
Mon Dec 12 15:28:19 2016: ApMon[NOTICE]: Packet sent to 127.0.0.1:8884 
Mon Dec 12 15:28:19 2016: ApMon[DEBUG]: Closing UDP socket on ApMon object destroy.
Mon Dec 12 15:28:19 2016: ApMon[INFO]: Adding destination 127.0.0.1:8884 
Mon Dec 12 15:28:19 2016: ApMon[DEBUG]: Overwritting option: sys_monitoring = 0
Mon Dec 12 15:28:19 2016: ApMon[DEBUG]: Overwritting option: general_info = 0
Mon Dec 12 15:28:19 2016: ApMon[DEBUG]: Overwritting option: job_monitoring = 0
Mon Dec 12 15:28:19 2016: ApMon[NOTICE]: Adding parameter StatusDestination = T1_US_FNAL
Mon Dec 12 15:28:19 2016: ApMon[NOTICE]: Adding parameter StatusEnterTime = 2016-12-12 14:28:19
Mon Dec 12 15:28:19 2016: ApMon[NOTICE]: Adding parameter MessageType = JobStatus
Mon Dec 12 15:28:19 2016: ApMon[NOTICE]: Adding parameter jobId = ThisIsASillyName_0
Mon Dec 12 15:28:19 2016: ApMon[NOTICE]: Adding parameter StatusValue = running
Mon Dec 12 15:28:19 2016: ApMon[NOTICE]: Adding parameter MessageTS = 2016-12-12 14:28:19
Mon Dec 12 15:28:19 2016: ApMon[NOTICE]: Adding parameter StatusValueReason = Job started execution in the WN
Mon Dec 12 15:28:19 2016: ApMon[NOTICE]: Adding parameter taskId = wmagent_Tier1ReReco
Mon Dec 12 15:28:19 2016: ApMon[NOTICE]: Adding parameter NCores = 8
Mon Dec 12 15:28:19 2016: ApMon[DEBUG]: previously sent: 0; dropped: 0
Mon Dec 12 15:28:19 2016: ApMon[NOTICE]: Building XDR packet [wmagent_Tier1ReReco/ThisIsASillyName_0] <1/8256567> 9 params, 448 bytes.
Mon Dec 12 15:28:19 2016: ApMon[NOTICE]: Packet sent to 127.0.0.1:8884 
Mon Dec 12 15:28:19 2016: ApMon[DEBUG]: Closing UDP socket on ApMon object destroy.
Mon Dec 12 15:28:20 2016: ApMon[INFO]: Adding destination 127.0.0.1:8884 
Mon Dec 12 15:28:20 2016: ApMon[DEBUG]: Overwritting option: sys_monitoring = 0
Mon Dec 12 15:28:20 2016: ApMon[DEBUG]: Overwritting option: general_info = 0
Mon Dec 12 15:28:20 2016: ApMon[DEBUG]: Overwritting option: job_monitoring = 0
Mon Dec 12 15:28:20 2016: ApMon[NOTICE]: Adding parameter SyncCE = T1_US_FNAL
Mon Dec 12 15:28:20 2016: ApMon[NOTICE]: Adding parameter MessageType = jobRuntime-jobStart
Mon Dec 12 15:28:20 2016: ApMon[NOTICE]: Adding parameter jobId = ThisIsASillyName_0
Mon Dec 12 15:28:20 2016: ApMon[NOTICE]: Adding parameter MessageTS = 2016-12-12 14:28:19
Mon Dec 12 15:28:20 2016: ApMon[NOTICE]: Adding parameter taskId = wmagent_Tier1ReReco
Mon Dec 12 15:28:20 2016: ApMon[NOTICE]: Adding parameter GridName = /DC=ch/DC=cern/OU=Organic Units/OU=Users/CN=cmsbuild/CN=545661/CN=Robot
Mon Dec 12 15:28:20 2016: ApMon[NOTICE]: Adding parameter WNHostName = cmsbuild09.cern.ch
Mon Dec 12 15:28:20 2016: ApMon[NOTICE]: Adding parameter ExeStart = cmsRun1
Mon Dec 12 15:28:20 2016: ApMon[DEBUG]: previously sent: 0; dropped: 0
Mon Dec 12 15:28:20 2016: ApMon[NOTICE]: Building XDR packet [wmagent_Tier1ReReco/ThisIsASillyName_0] <1/8256566> 8 params, 444 bytes.
Mon Dec 12 15:28:20 2016: ApMon[NOTICE]: Packet sent to 127.0.0.1:8884 
Mon Dec 12 15:28:20 2016: ApMon[DEBUG]: Closing UDP socket on ApMon object destroy.
Mon Dec 12 15:28:20 2016: ApMon[INFO]: Adding destination 127.0.0.1:8884 
Mon Dec 12 15:28:20 2016: ApMon[DEBUG]: Overwritting option: sys_monitoring = 0
Mon Dec 12 15:28:20 2016: ApMon[DEBUG]: Overwritting option: general_info = 0
Mon Dec 12 15:28:20 2016: ApMon[DEBUG]: Overwritting option: job_monitoring = 0
Mon Dec 12 15:28:20 2016: ApMon[NOTICE]: Adding parameter 1_stepName = cmsRun1
Mon Dec 12 15:28:20 2016: ApMon[NOTICE]: Adding parameter MessageType = jobRuntime-stepStart
Mon Dec 12 15:28:20 2016: ApMon[NOTICE]: Adding parameter jobId = ThisIsASillyName_0
Mon Dec 12 15:28:20 2016: ApMon[NOTICE]: Adding parameter MessageTS = 2016-12-12 14:28:20
Mon Dec 12 15:28:20 2016: ApMon[NOTICE]: Adding parameter taskId = wmagent_Tier1ReReco
Mon Dec 12 15:28:20 2016: ApMon[NOTICE]: Adding parameter 1_ExeStart = cmsRun1
Mon Dec 12 15:28:20 2016: ApMon[DEBUG]: previously sent: 0; dropped: 0
Mon Dec 12 15:28:20 2016: ApMon[NOTICE]: Building XDR packet [wmagent_Tier1ReReco/ThisIsASillyName_0] <1/8256693> 6 params, 312 bytes.
Mon Dec 12 15:28:20 2016: ApMon[NOTICE]: Packet sent to 127.0.0.1:8884 
Mon Dec 12 15:28:20 2016: ApMon[DEBUG]: Closing UDP socket on ApMon object destroy.
Mon Dec 12 15:28:20 2016: ApMon[INFO]: Adding destination 127.0.0.1:8884 
Mon Dec 12 15:28:20 2016: ApMon[DEBUG]: Overwritting option: sys_monitoring = 0
Mon Dec 12 15:28:20 2016: ApMon[DEBUG]: Overwritting option: general_info = 0
Mon Dec 12 15:28:20 2016: ApMon[DEBUG]: Overwritting option: job_monitoring = 0
Mon Dec 12 15:28:20 2016: ApMon[NOTICE]: Adding parameter 1_ExeEnd = cmsRun1
Mon Dec 12 15:28:20 2016: ApMon[NOTICE]: Adding parameter 1_ExeCPUTime = 0
Mon Dec 12 15:28:20 2016: ApMon[NOTICE]: Adding parameter 1_ExeExitCode = 0
Mon Dec 12 15:28:20 2016: ApMon[NOTICE]: Adding parameter jobId = ThisIsASillyName_0
Mon Dec 12 15:28:20 2016: ApMon[NOTICE]: Adding parameter MessageTS = 2016-12-12 14:28:20
Mon Dec 12 15:28:20 2016: ApMon[NOTICE]: Adding parameter MessageType = jobRuntime-stepEnd
Mon Dec 12 15:28:20 2016: ApMon[NOTICE]: Adding parameter taskId = wmagent_Tier1ReReco
Mon Dec 12 15:28:20 2016: ApMon[NOTICE]: Adding parameter 1_NCores = 8
Mon Dec 12 15:28:20 2016: ApMon[NOTICE]: Adding parameter 1_ExeWCTime = 8.10623168945e-06
Mon Dec 12 15:28:20 2016: ApMon[DEBUG]: previously sent: 0; dropped: 0
Mon Dec 12 15:28:20 2016: ApMon[NOTICE]: Building XDR packet [wmagent_Tier1ReReco/ThisIsASillyName_0] <1/8256764> 9 params, 376 bytes.
Mon Dec 12 15:28:20 2016: ApMon[NOTICE]: Packet sent to 127.0.0.1:8884 
Mon Dec 12 15:28:20 2016: ApMon[DEBUG]: Closing UDP socket on ApMon object destroy.
Mon Dec 12 15:28:20 2016: ApMon[INFO]: Adding destination 127.0.0.1:8884 
Mon Dec 12 15:28:20 2016: ApMon[DEBUG]: Overwritting option: sys_monitoring = 0
Mon Dec 12 15:28:20 2016: ApMon[DEBUG]: Overwritting option: general_info = 0
Mon Dec 12 15:28:20 2016: ApMon[DEBUG]: Overwritting option: job_monitoring = 0
Mon Dec 12 15:28:20 2016: ApMon[NOTICE]: Adding parameter JobExitReason = Job completed execution in the WN
Mon Dec 12 15:28:20 2016: ApMon[NOTICE]: Adding parameter ExeEnd = cmsRun1
Mon Dec 12 15:28:20 2016: ApMon[NOTICE]: Adding parameter WrapperCPUTime = 0.0
Mon Dec 12 15:28:20 2016: ApMon[NOTICE]: Adding parameter MessageType = jobRuntime-jobEnd
Mon Dec 12 15:28:20 2016: ApMon[NOTICE]: Adding parameter jobId = ThisIsASillyName_0
Mon Dec 12 15:28:20 2016: ApMon[NOTICE]: Adding parameter WrapperWCTime = 8.10623168945e-06
Mon Dec 12 15:28:20 2016: ApMon[NOTICE]: Adding parameter MessageTS = 2016-12-12 14:28:20
Mon Dec 12 15:28:20 2016: ApMon[NOTICE]: Adding parameter JobExitCode = 0
Mon Dec 12 15:28:20 2016: ApMon[NOTICE]: Adding parameter taskId = wmagent_Tier1ReReco
Mon Dec 12 15:28:20 2016: ApMon[NOTICE]: Adding parameter NCores = 8
Mon Dec 12 15:28:20 2016: ApMon[DEBUG]: previously sent: 0; dropped: 0
Mon Dec 12 15:28:20 2016: ApMon[NOTICE]: Building XDR packet [wmagent_Tier1ReReco/ThisIsASillyName_0] <1/8256652> 10 params, 448 bytes.
Mon Dec 12 15:28:20 2016: ApMon[NOTICE]: Packet sent to 127.0.0.1:8884 
Mon Dec 12 15:28:20 2016: ApMon[DEBUG]: Closing UDP socket on ApMon object destroy.
]]></system-out></testcase><testcase classname="WMCore_t.WMRuntime_t.Scripts_t.UnpackUserTarball_t.UnpackUserTarballTest" name="testFileAndURLSandbox" time="0.740"><system-out><![CDATA[Untarring  /tmp/unittestTarball.tgz
Fetching URL tarball http://home.fnal.gov/~ewv/unittestTarball.tgz without proxy server
]]></system-out></testcase><testcase classname="WMCore_t.ACDC_t.Service_t.Service_t" name="testA" time="0.000"></testcase><testcase classname="WMCore_t.WMSpec_t.StdSpecs_t.ReDigi_t.ReDigiTest" name="test3StepsSemiChainedMemCoresSettings" time="21.526"><system-out><![CDATA[Mon Dec 12 15:28:39 2016: ApMon[INFO]: Adding destination 127.0.0.1:8884 
Mon Dec 12 15:28:39 2016: ApMon[DEBUG]: Overwritting option: sys_monitoring = 0
Mon Dec 12 15:28:39 2016: ApMon[DEBUG]: Overwritting option: general_info = 0
Mon Dec 12 15:28:39 2016: ApMon[DEBUG]: Overwritting option: job_monitoring = 0
Mon Dec 12 15:28:39 2016: ApMon[NOTICE]: Adding parameter datasetFull = /MinimumBias/ComissioningHI-v1/RAW
Mon Dec 12 15:28:39 2016: ApMon[NOTICE]: Adding parameter tool = WMAgent
Mon Dec 12 15:28:39 2016: ApMon[NOTICE]: Adding parameter MessageType = TaskMeta
Mon Dec 12 15:28:39 2016: ApMon[NOTICE]: Adding parameter JobName = taskMeta
Mon Dec 12 15:28:39 2016: ApMon[NOTICE]: Adding parameter application = CMSSW_7_6_2
Mon Dec 12 15:28:39 2016: ApMon[NOTICE]: Adding parameter JSToolVersion = 1.0.23
Mon Dec 12 15:28:39 2016: ApMon[NOTICE]: Adding parameter TaskType = reprocessing
Mon Dec 12 15:28:39 2016: ApMon[NOTICE]: Adding parameter CMSUser = cmsdataops
Mon Dec 12 15:28:39 2016: ApMon[NOTICE]: Adding parameter TaskName = wmagent_TestWorkload
Mon Dec 12 15:28:39 2016: ApMon[DEBUG]: previously sent: 0; dropped: 0
Mon Dec 12 15:28:39 2016: ApMon[NOTICE]: Building XDR packet [wmagent_TestWorkload/taskMeta] <1/8256649> 9 params, 388 bytes.
Mon Dec 12 15:28:39 2016: ApMon[NOTICE]: Packet sent to 127.0.0.1:8884 
Mon Dec 12 15:28:39 2016: ApMon[DEBUG]: Closing UDP socket on ApMon object destroy.
Mon Dec 12 15:28:39 2016: ApMon[INFO]: Adding destination 127.0.0.1:8884 
Mon Dec 12 15:28:39 2016: ApMon[DEBUG]: Overwritting option: sys_monitoring = 0
Mon Dec 12 15:28:39 2016: ApMon[DEBUG]: Overwritting option: general_info = 0
Mon Dec 12 15:28:39 2016: ApMon[DEBUG]: Overwritting option: job_monitoring = 0
Mon Dec 12 15:28:39 2016: ApMon[NOTICE]: Adding parameter datasetFull = /MinimumBias/ComissioningHI-v1/RAW
Mon Dec 12 15:28:39 2016: ApMon[NOTICE]: Adding parameter tool = WMAgent
Mon Dec 12 15:28:39 2016: ApMon[NOTICE]: Adding parameter MessageType = TaskMeta
Mon Dec 12 15:28:39 2016: ApMon[NOTICE]: Adding parameter JobName = taskMeta
Mon Dec 12 15:28:39 2016: ApMon[NOTICE]: Adding parameter application = CMSSW_7_6_2
Mon Dec 12 15:28:39 2016: ApMon[NOTICE]: Adding parameter JSToolVersion = 1.0.23
Mon Dec 12 15:28:39 2016: ApMon[NOTICE]: Adding parameter TaskType = reprocessing
Mon Dec 12 15:28:39 2016: ApMon[NOTICE]: Adding parameter CMSUser = cmsdataops
Mon Dec 12 15:28:39 2016: ApMon[NOTICE]: Adding parameter TaskName = wmagent_TestWorkload
Mon Dec 12 15:28:39 2016: ApMon[DEBUG]: previously sent: 0; dropped: 0
Mon Dec 12 15:28:39 2016: ApMon[NOTICE]: Building XDR packet [wmagent_TestWorkload/taskMeta] <1/8256762> 9 params, 388 bytes.
Mon Dec 12 15:28:39 2016: ApMon[NOTICE]: Packet sent to 127.0.0.1:8884 
Mon Dec 12 15:28:39 2016: ApMon[DEBUG]: Closing UDP socket on ApMon object destroy.
]]></system-out></testcase><testcase classname="WMCore_t.WMSpec_t.StdSpecs_t.ReDigi_t.ReDigiTest" name="testDependentReDigi" time="24.023"><system-out><![CDATA[Mon Dec 12 15:29:00 2016: ApMon[INFO]: Adding destination 127.0.0.1:8884 
Mon Dec 12 15:29:00 2016: ApMon[DEBUG]: Overwritting option: sys_monitoring = 0
Mon Dec 12 15:29:00 2016: ApMon[DEBUG]: Overwritting option: general_info = 0
Mon Dec 12 15:29:00 2016: ApMon[DEBUG]: Overwritting option: job_monitoring = 0
Mon Dec 12 15:29:00 2016: ApMon[NOTICE]: Adding parameter datasetFull = /MinimumBias/ComissioningHI-v1/RAW
Mon Dec 12 15:29:00 2016: ApMon[NOTICE]: Adding parameter tool = WMAgent
Mon Dec 12 15:29:00 2016: ApMon[NOTICE]: Adding parameter MessageType = TaskMeta
Mon Dec 12 15:29:00 2016: ApMon[NOTICE]: Adding parameter JobName = taskMeta
Mon Dec 12 15:29:00 2016: ApMon[NOTICE]: Adding parameter application = CMSSW_7_6_2
Mon Dec 12 15:29:00 2016: ApMon[NOTICE]: Adding parameter JSToolVersion = 1.0.23
Mon Dec 12 15:29:00 2016: ApMon[NOTICE]: Adding parameter TaskType = reprocessing
Mon Dec 12 15:29:00 2016: ApMon[NOTICE]: Adding parameter CMSUser = cmsdataops
Mon Dec 12 15:29:00 2016: ApMon[NOTICE]: Adding parameter TaskName = wmagent_TestWorkload
Mon Dec 12 15:29:00 2016: ApMon[DEBUG]: previously sent: 0; dropped: 0
Mon Dec 12 15:29:00 2016: ApMon[NOTICE]: Building XDR packet [wmagent_TestWorkload/taskMeta] <1/8256607> 9 params, 388 bytes.
Mon Dec 12 15:29:00 2016: ApMon[NOTICE]: Packet sent to 127.0.0.1:8884 
Mon Dec 12 15:29:00 2016: ApMon[DEBUG]: Closing UDP socket on ApMon object destroy.
]]></system-out><system-err><![CDATA[/build/cmsbld/jenkins-workarea/workspace/DMWM-WMAgent-TestAll/SLICE/0/label/slc6_amd64-cloud-tiny/deploy/1.0.23.pre3-comp2/sw/slc6_amd64_gcc493/external/py2-sqlalchemy/0.9.6-comp3/lib/python2.7/site-packages/sqlalchemy/engine/default.py:435: Warning: Duplicate entry 'Processing' for key 'name'
  cursor.execute(statement, parameters)
/build/cmsbld/jenkins-workarea/workspace/DMWM-WMAgent-TestAll/SLICE/0/label/slc6_amd64-cloud-tiny/deploy/1.0.23.pre3-comp2/sw/slc6_amd64_gcc493/external/py2-sqlalchemy/0.9.6-comp3/lib/python2.7/site-packages/sqlalchemy/engine/default.py:435: Warning: Duplicate entry 'Merge' for key 'name'
  cursor.execute(statement, parameters)
/build/cmsbld/jenkins-workarea/workspace/DMWM-WMAgent-TestAll/SLICE/0/label/slc6_amd64-cloud-tiny/deploy/1.0.23.pre3-comp2/sw/slc6_amd64_gcc493/external/py2-sqlalchemy/0.9.6-comp3/lib/python2.7/site-packages/sqlalchemy/engine/default.py:435: Warning: Duplicate entry 'LogCollect' for key 'name'
  cursor.execute(statement, parameters)
/build/cmsbld/jenkins-workarea/workspace/DMWM-WMAgent-TestAll/SLICE/0/label/slc6_amd64-cloud-tiny/deploy/1.0.23.pre3-comp2/sw/slc6_amd64_gcc493/external/py2-sqlalchemy/0.9.6-comp3/lib/python2.7/site-packages/sqlalchemy/engine/default.py:435: Warning: Duplicate entry 'Cleanup' for key 'name'
  cursor.execute(statement, parameters)
]]></system-err></testcase><testcase classname="WMCore_t.WMSpec_t.StdSpecs_t.ReReco_t.ReRecoTest" name="testReRecoDroppingRECO" time="22.880"><system-out><![CDATA[Mon Dec 12 15:29:23 2016: ApMon[INFO]: Adding destination 127.0.0.1:8884 
Mon Dec 12 15:29:23 2016: ApMon[DEBUG]: Overwritting option: sys_monitoring = 0
Mon Dec 12 15:29:23 2016: ApMon[DEBUG]: Overwritting option: general_info = 0
Mon Dec 12 15:29:23 2016: ApMon[DEBUG]: Overwritting option: job_monitoring = 0
Mon Dec 12 15:29:23 2016: ApMon[NOTICE]: Adding parameter datasetFull = /MinimumBias/ComissioningHI-v1/RAW
Mon Dec 12 15:29:23 2016: ApMon[NOTICE]: Adding parameter tool = WMAgent
Mon Dec 12 15:29:23 2016: ApMon[NOTICE]: Adding parameter MessageType = TaskMeta
Mon Dec 12 15:29:23 2016: ApMon[NOTICE]: Adding parameter JobName = taskMeta
Mon Dec 12 15:29:23 2016: ApMon[NOTICE]: Adding parameter application = CMSSW_7_6_2
Mon Dec 12 15:29:23 2016: ApMon[NOTICE]: Adding parameter JSToolVersion = 1.0.23
Mon Dec 12 15:29:23 2016: ApMon[NOTICE]: Adding parameter TaskType = reprocessing
Mon Dec 12 15:29:23 2016: ApMon[NOTICE]: Adding parameter CMSUser = cmsdataops
Mon Dec 12 15:29:23 2016: ApMon[NOTICE]: Adding parameter TaskName = wmagent_TestWorkload
Mon Dec 12 15:29:23 2016: ApMon[DEBUG]: previously sent: 0; dropped: 0
Mon Dec 12 15:29:23 2016: ApMon[NOTICE]: Building XDR packet [wmagent_TestWorkload/taskMeta] <1/8256721> 9 params, 388 bytes.
Mon Dec 12 15:29:23 2016: ApMon[NOTICE]: Packet sent to 127.0.0.1:8884 
Mon Dec 12 15:29:23 2016: ApMon[DEBUG]: Closing UDP socket on ApMon object destroy.
]]></system-out><system-err><![CDATA[/build/cmsbld/jenkins-workarea/workspace/DMWM-WMAgent-TestAll/SLICE/0/label/slc6_amd64-cloud-tiny/deploy/1.0.23.pre3-comp2/sw/slc6_amd64_gcc493/external/py2-sqlalchemy/0.9.6-comp3/lib/python2.7/site-packages/sqlalchemy/engine/default.py:435: Warning: Duplicate entry 'Skim' for key 'name'
  cursor.execute(statement, parameters)
/build/cmsbld/jenkins-workarea/workspace/DMWM-WMAgent-TestAll/SLICE/0/label/slc6_amd64-cloud-tiny/deploy/1.0.23.pre3-comp2/sw/slc6_amd64_gcc493/external/py2-sqlalchemy/0.9.6-comp3/lib/python2.7/site-packages/sqlalchemy/engine/default.py:435: Warning: Duplicate entry 'Harvesting' for key 'name'
  cursor.execute(statement, parameters)
]]></system-err></testcase><testcase classname="WMCore_t.WMSpec_t.Steps_t.Executors_t.LogArch_t.LogArchiveTest" name="testUnitTestBackendNew" time="1.097"><system-out><![CDATA[CMSSW.coreBuild invoked
Builders.CMSSW.build called on cmsRun1
LogArchive.coreBuild invoked
Builders.LogArchive.build called on stageOut1
CMSSW.coreBuild invoked
Builders.CMSSW.build called on cmsRun1
LogArchive.coreBuild invoked
Builders.LogArchive.build called on DeleteTest
]]></system-out></testcase><testcase classname="WMCore_t.WMSpec_t.Steps_t.Template_t.TemplateTest" name="testB" time="0.001"></testcase><testcase classname="WMCore_t.WMSpec_t.WMTask_t.WMTaskTest" name="testBuildLumiMask" time="0.000"></testcase><testcase classname="WMCore_t.WMSpec_t.WMWorkload_t.WMWorkloadTest" name="testTruncate" time="0.006"></testcase><testcase classname="WMCore_t.WMSpec_t.WMWorkload_t.WMWorkloadTest" name="testUpdatingMergeParameters" time="0.007"></testcase><testcase classname="WMCore_t.Agent_t.Harness_t.HarnessTest" name="testD" time="15.123"><skipped type="unittest.case.SkipTest" message=""><![CDATA[SkipTest
]]></skipped></testcase><testcase classname="WMCore_t.WebTools_t.NestedModel_t.NestedModelTest" name="testOuterFooPass" time="0.226"><system-out><![CDATA[
THIS BETTER NOT BE A PRODUCTION SERVER

]]></system-out><system-err><![CDATA[CherryPy Checker:
The use of 'localhost' as a socket host can cause problems on newer systems, since 'localhost' can map to either an IPv4 or an IPv6 address. You should use '127.0.0.1' or '[::1]' instead.

CherryPy Checker:
The Application mounted at '/unittests/rest' has an empty config.

]]></system-err></testcase><testcase classname="WMCore_t.WebTools_t.REST_t.RESTTest" name="testDAOBased" time="0.116"><system-out><![CDATA[
THIS BETTER NOT BE A PRODUCTION SERVER

]]></system-out></testcase><testcase classname="WMCore_t.WebTools_t.REST_t.RESTTest" name="testSanitisePassHTTP" time="0.122"><system-out><![CDATA[
THIS BETTER NOT BE A PRODUCTION SERVER

]]></system-out></testcase><testcase classname="WMCore_t.WorkQueue_t.Policy_t.Start_t.Block_t.BlockTestCase" name="testContinuousSplittingSupport" time="0.172"><system-out><![CDATA[Mon Dec 12 15:29:48 2016: ApMon[INFO]: Adding destination 127.0.0.1:8884 
Mon Dec 12 15:29:48 2016: ApMon[DEBUG]: Overwritting option: sys_monitoring = 0
Mon Dec 12 15:29:48 2016: ApMon[DEBUG]: Overwritting option: general_info = 0
Mon Dec 12 15:29:48 2016: ApMon[DEBUG]: Overwritting option: job_monitoring = 0
Mon Dec 12 15:29:48 2016: ApMon[NOTICE]: Adding parameter datasetFull = /MinimumBias/ComissioningHI-v1/RAW
Mon Dec 12 15:29:48 2016: ApMon[NOTICE]: Adding parameter tool = WMAgent
Mon Dec 12 15:29:48 2016: ApMon[NOTICE]: Adding parameter MessageType = TaskMeta
Mon Dec 12 15:29:48 2016: ApMon[NOTICE]: Adding parameter JobName = taskMeta
Mon Dec 12 15:29:48 2016: ApMon[NOTICE]: Adding parameter application = CMSSW_7_6_2
Mon Dec 12 15:29:48 2016: ApMon[NOTICE]: Adding parameter JSToolVersion = 1.0.23
Mon Dec 12 15:29:48 2016: ApMon[NOTICE]: Adding parameter TaskType = reprocessing
Mon Dec 12 15:29:48 2016: ApMon[NOTICE]: Adding parameter CMSUser = cmsdataops
Mon Dec 12 15:29:48 2016: ApMon[NOTICE]: Adding parameter TaskName = wmagent_ReRecoWorkload
Mon Dec 12 15:29:48 2016: ApMon[DEBUG]: previously sent: 0; dropped: 0
Mon Dec 12 15:29:48 2016: ApMon[NOTICE]: Building XDR packet [wmagent_ReRecoWorkload/taskMeta] <1/8256683> 9 params, 396 bytes.
Mon Dec 12 15:29:48 2016: ApMon[NOTICE]: Packet sent to 127.0.0.1:8884 
Mon Dec 12 15:29:48 2016: ApMon[DEBUG]: Closing UDP socket on ApMon object destroy.
]]></system-out></testcase><testcase classname="WMCore_t.WorkQueue_t.Policy_t.Start_t.Dataset_t.DatasetTestCase" name="testDataDirectiveFromQueue" time="0.116"><system-out><![CDATA[Mon Dec 12 15:29:48 2016: ApMon[INFO]: Adding destination 127.0.0.1:8884 
Mon Dec 12 15:29:48 2016: ApMon[DEBUG]: Overwritting option: sys_monitoring = 0
Mon Dec 12 15:29:48 2016: ApMon[DEBUG]: Overwritting option: general_info = 0
Mon Dec 12 15:29:48 2016: ApMon[DEBUG]: Overwritting option: job_monitoring = 0
Mon Dec 12 15:29:48 2016: ApMon[NOTICE]: Adding parameter datasetFull = /MinimumBias/ComissioningHI-v1/RAW
Mon Dec 12 15:29:48 2016: ApMon[NOTICE]: Adding parameter tool = WMAgent
Mon Dec 12 15:29:48 2016: ApMon[NOTICE]: Adding parameter MessageType = TaskMeta
Mon Dec 12 15:29:48 2016: ApMon[NOTICE]: Adding parameter JobName = taskMeta
Mon Dec 12 15:29:48 2016: ApMon[NOTICE]: Adding parameter application = CMSSW_7_6_2
Mon Dec 12 15:29:48 2016: ApMon[NOTICE]: Adding parameter JSToolVersion = 1.0.23
Mon Dec 12 15:29:48 2016: ApMon[NOTICE]: Adding parameter TaskType = harvesting
Mon Dec 12 15:29:48 2016: ApMon[NOTICE]: Adding parameter CMSUser = cmsdataops
Mon Dec 12 15:29:48 2016: ApMon[NOTICE]: Adding parameter TaskName = wmagent_DQMHarvestTest
Mon Dec 12 15:29:48 2016: ApMon[DEBUG]: previously sent: 0; dropped: 0
Mon Dec 12 15:29:48 2016: ApMon[NOTICE]: Building XDR packet [wmagent_DQMHarvestTest/taskMeta] <1/8256538> 9 params, 396 bytes.
Mon Dec 12 15:29:48 2016: ApMon[NOTICE]: Packet sent to 127.0.0.1:8884 
Mon Dec 12 15:29:48 2016: ApMon[DEBUG]: Closing UDP socket on ApMon object destroy.
]]></system-out></testcase><testcase classname="WMCore_t.WorkQueue_t.Policy_t.Start_t.ResubmitBlock_t.ResubmitBlockTest" name="testSingleChunksSplit" time="2.632"><system-out><![CDATA[Mon Dec 12 15:29:50 2016: ApMon[INFO]: Adding destination 127.0.0.1:8884 
Mon Dec 12 15:29:50 2016: ApMon[DEBUG]: Overwritting option: sys_monitoring = 0
Mon Dec 12 15:29:50 2016: ApMon[DEBUG]: Overwritting option: general_info = 0
Mon Dec 12 15:29:50 2016: ApMon[DEBUG]: Overwritting option: job_monitoring = 0
Mon Dec 12 15:29:50 2016: ApMon[NOTICE]: Adding parameter datasetFull = /MinimumBias/ComissioningHI-v1/RAW
Mon Dec 12 15:29:50 2016: ApMon[NOTICE]: Adding parameter tool = WMAgent
Mon Dec 12 15:29:50 2016: ApMon[NOTICE]: Adding parameter MessageType = TaskMeta
Mon Dec 12 15:29:50 2016: ApMon[NOTICE]: Adding parameter JobName = taskMeta
Mon Dec 12 15:29:50 2016: ApMon[NOTICE]: Adding parameter application = CMSSW_7_6_2
Mon Dec 12 15:29:50 2016: ApMon[NOTICE]: Adding parameter JSToolVersion = 1.0.23
Mon Dec 12 15:29:50 2016: ApMon[NOTICE]: Adding parameter TaskType = reprocessing
Mon Dec 12 15:29:50 2016: ApMon[NOTICE]: Adding parameter CMSUser = cmsdataops
Mon Dec 12 15:29:50 2016: ApMon[NOTICE]: Adding parameter TaskName = wmagent_dballest_ReReco_workflow
Mon Dec 12 15:29:50 2016: ApMon[DEBUG]: previously sent: 0; dropped: 0
Mon Dec 12 15:29:50 2016: ApMon[NOTICE]: Building XDR packet [wmagent_dballest_ReReco_workflow/taskMeta] <1/8256751> 9 params, 412 bytes.
Mon Dec 12 15:29:50 2016: ApMon[NOTICE]: Packet sent to 127.0.0.1:8884 
Mon Dec 12 15:29:50 2016: ApMon[DEBUG]: Closing UDP socket on ApMon object destroy.
]]></system-out></testcase><testcase classname="WMCore_t.WorkQueue_t.WorkQueueReqMgrInterface_t.WorkQueueReqMgrInterfaceTest" name="testReqMgrProgress" time="1.326"><error type="exceptions.ValueError" message="You must include http(s):// in your server's address, None/data/ doesn't&#10;-------------------- &gt;&gt; begin captured logging &lt;&lt; --------------------&#10;restkit.client.request: INFO: Start request: HEAD http://0.0.0.0:5984/workqueue_t&#10;restkit.client.request: DEBUG: Request headers: [['HEAD /workqueue_t HTTP/1.1\r\n', 'Host: 0.0.0.0:5984\r\n', 'User-Agent: couchapp/0.7.1\r\n', 'Accept-Encoding: None\r\n', 'Accept: application/json\r\n', 'Authorization: Basic ZXd2OmRtd210ZXN0\r\n', '\r\n']]&#10;restkit.client.request: DEBUG: Start response: 200 OK&#10;restkit.client.request: DEBUG: Response headers: [[('Server', 'CouchDB/1.6.1 (Erlang OTP/R14B04)'), ('Date', 'Mon, 12 Dec 2016 14:29:51 GMT'), ('Content-Type', 'application/json'), ('Content-Length', '230'), ('Cache-Control', 'must-revalidate')]]&#10;restkit.client.request: DEBUG: Return response: http://0.0.0.0:5984/workqueue_t&#10;couchapp.localdoc: DEBUG: push shows/redirect.js&#10;couchapp.localdoc: DEBUG: push shows/status.js&#10;couchapp.localdoc: DEBUG: push filters/childQueueFilter.js&#10;couchapp.localdoc: DEBUG: push filters/queueFilter.js&#10;couchapp.localdoc: DEBUG: push rewrites.json&#10;couchapp.localdoc: DEBUG: push README.md&#10;couchapp.localdoc: DEBUG: push templates/TaskStatus.html&#10;couchapp.localdoc: DEBUG: push templates/StuckElementSummary.html&#10;couchapp.localdoc: DEBUG: push templates/ElementSummaryByWorkflow.html&#10;couchapp.localdoc: DEBUG: push templates/partials/yui-lib-remote.html&#10;couchapp.localdoc: DEBUG: push templates/partials/workqueue-common-lib.html&#10;couchapp.localdoc: DEBUG: push templates/partials/yui-lib.html&#10;couchapp.localdoc: DEBUG: push templates/WorkflowSummary.html&#10;couchapp.localdoc: DEBUG: push language&#10;couchapp.localdoc: DEBUG: push updates/in-place.js&#10;couchapp.localdoc: DEBUG: push lib/validate.js&#10;couchapp.localdoc: DEBUG: push lib/workqueue_utils.js&#10;couchapp.localdoc: DEBUG: push lib/mustache.js&#10;couchapp.localdoc: DEBUG: push validate_doc_update.js&#10;couchapp.localdoc: DEBUG: push views/availableByPriority/map.js&#10;couchapp.localdoc: DEBUG: push views/childQueuesByRequest/map.js&#10;couchapp.localdoc: DEBUG: push views/childQueuesByRequest/reduce.js&#10;couchapp.localdoc: DEBUG: push views/wmbsUrlByRequest/map.js&#10;couchapp.localdoc: DEBUG: push views/wmbsUrlByRequest/reduce.js&#10;couchapp.localdoc: DEBUG: push views/elementsByWorkflow/map.js&#10;couchapp.localdoc: DEBUG: push views/elementsByWorkflow/reduce.js&#10;couchapp.localdoc: DEBUG: push views/specsByWorkflow/map.js&#10;couchapp.localdoc: DEBUG: push views/elementsByPileupData/map.js&#10;couchapp.localdoc: DEBUG: push views/activePileupData/map.js&#10;couchapp.localdoc: DEBUG: push views/activePileupData/reduce.js&#10;couchapp.localdoc: DEBUG: push views/elementsByStatus/map.js&#10;couchapp.localdoc: DEBUG: push views/elementsByData/map.js&#10;couchapp.localdoc: DEBUG: push views/elementsDetailByWorkflowAndStatus/map.js&#10;couchapp.localdoc: DEBUG: push views/workflowSummary/map.js&#10;couchapp.localdoc: DEBUG: push views/workflowSummary/reduce.js&#10;couchapp.localdoc: DEBUG: push views/analyticsData/map.js&#10;couchapp.localdoc: DEBUG: push views/analyticsData/reduce.js&#10;couchapp.localdoc: DEBUG: push views/stuckElements/map.js&#10;couchapp.localdoc: DEBUG: push views/activeData/map.js&#10;couchapp.localdoc: DEBUG: push views/activeData/reduce.js&#10;couchapp.localdoc: DEBUG: push views/jobsByRequest/map.js&#10;couchapp.localdoc: DEBUG: push views/jobsByRequest/reduce.js&#10;couchapp.localdoc: DEBUG: push views/wmbsUrl/map.js&#10;couchapp.localdoc: DEBUG: push views/wmbsUrl/reduce.js&#10;couchapp.localdoc: DEBUG: push views/jobInjectStatusByRequest/map.js&#10;couchapp.localdoc: DEBUG: push views/jobInjectStatusByRequest/reduce.js&#10;couchapp.localdoc: DEBUG: push views/elementsBySubscription/map.js&#10;couchapp.localdoc: DEBUG: push views/elements/map.js&#10;couchapp.localdoc: DEBUG: push views/activeParentData/map.js&#10;couchapp.localdoc: DEBUG: push views/activeParentData/reduce.js&#10;couchapp.localdoc: DEBUG: push views/childQueues/map.js&#10;couchapp.localdoc: DEBUG: push views/childQueues/reduce.js&#10;couchapp.localdoc: DEBUG: push views/jobStatusByRequest/map.js&#10;couchapp.localdoc: DEBUG: push views/jobStatusByRequest/reduce.js&#10;couchapp.localdoc: DEBUG: push views/elementsByParentData/map.js&#10;couchapp.localdoc: DEBUG: push views/elementsByParent/map.js&#10;couchapp.localdoc: DEBUG: push views/conflicts/map.js&#10;couchapp.localdoc: DEBUG: push views/recent-items/map.js&#10;couchapp.localdoc: DEBUG: push views/siteWhitelistByRequest/map.js&#10;couchapp.localdoc: DEBUG: push views/siteWhitelistByRequest/reduce.js&#10;couchapp.localdoc: DEBUG: push views/wmbsInjectStatusByRequest/map.js&#10;couchapp.localdoc: DEBUG: push views/wmbsInjectStatusByRequest/reduce.js&#10;couchapp.localdoc: DEBUG: push lists/stuckElements.js&#10;couchapp.localdoc: DEBUG: push lists/elementsDetail.js&#10;couchapp.localdoc: DEBUG: push lists/workRestrictions.js&#10;couchapp.localdoc: DEBUG: push lists/filter.js&#10;couchapp.localdoc: DEBUG: push lists/workflowSummary.js&#10;restkit.client.request: INFO: Start request: GET http://0.0.0.0:5984/workqueue_t/_design/WorkQueue&#10;restkit.client.request: DEBUG: Request headers: [['GET /workqueue_t/_design/WorkQueue HTTP/1.1\r\n', 'Host: 0.0.0.0:5984\r\n', 'User-Agent: couchapp/0.7.1\r\n', 'Accept-Encoding: None\r\n', 'Accept: application/json\r\n', 'Authorization: Basic ZXd2OmRtd210ZXN0\r\n', '\r\n']]&#10;restkit.client.request: DEBUG: Start response: 404 Object Not Found&#10;restkit.client.request: DEBUG: Response headers: [[('Server', 'CouchDB/1.6.1 (Erlang OTP/R14B04)'), ('Date', 'Mon, 12 Dec 2016 14:29:51 GMT'), ('Content-Type', 'application/json'), ('Content-Length', '41'), ('Cache-Control', 'must-revalidate')]]&#10;restkit.client.request: DEBUG: Return response: http://0.0.0.0:5984/workqueue_t/_design/WorkQueue&#10;couchapp.localdoc: DEBUG: attach index.html &#10;couchapp.localdoc: DEBUG: attach js/StuckElementInfo.js &#10;couchapp.localdoc: DEBUG: attach js/namespace.js &#10;couchapp.localdoc: DEBUG: attach js/ElementInfoByWorkflow.js &#10;couchapp.localdoc: DEBUG: attach js/dataTable.js &#10;couchapp.localdoc: DEBUG: attach js/WorkloadInfoTable.js &#10;couchapp.localdoc: DEBUG: attach style/main.css &#10;couchapp.localdoc: DEBUG: attach vendor/couchapp/jquery.couch.app.js &#10;couchapp.localdoc: DEBUG: attach vendor/couchapp/jquery.pathbinder.js &#10;couchapp.macros: DEBUG: process function: redirect&#10;couchapp.macros: DEBUG: process function: status&#10;couchapp.macros: DEBUG: process function: filter&#10;couchapp.macros: DEBUG: process function: stuckElements&#10;couchapp.macros: DEBUG: process function: workRestrictions&#10;couchapp.macros: DEBUG: process function: elementsDetail&#10;couchapp.macros: DEBUG: process function: workflowSummary&#10;couchapp.macros: DEBUG: process function: in-place&#10;couchapp.macros: DEBUG: process function: queueFilter&#10;couchapp.macros: DEBUG: process function: childQueueFilter&#10;couchapp.macros: DEBUG: process function: validate_doc_update&#10;couchapp.macros: DEBUG: process function: map&#10;couchapp.macros: DEBUG: process function: map&#10;couchapp.macros: DEBUG: process function: map&#10;couchapp.macros: DEBUG: process function: reduce&#10;couchapp.macros: DEBUG: process function: map&#10;couchapp.macros: DEBUG: process function: reduce&#10;couchapp.macros: DEBUG: process function: map&#10;couchapp.macros: DEBUG: process function: map&#10;couchapp.macros: DEBUG: process function: map&#10;couchapp.macros: DEBUG: process function: reduce&#10;couchapp.macros: DEBUG: process function: map&#10;couchapp.macros: DEBUG: process function: reduce&#10;couchapp.macros: DEBUG: process function: map&#10;couchapp.macros: DEBUG: process function: reduce&#10;couchapp.macros: DEBUG: process function: map&#10;couchapp.macros: DEBUG: process function: reduce&#10;couchapp.macros: DEBUG: process function: map&#10;couchapp.macros: DEBUG: process function: reduce&#10;couchapp.macros: DEBUG: process function: map&#10;couchapp.macros: DEBUG: process function: reduce&#10;couchapp.macros: DEBUG: process function: map&#10;couchapp.macros: DEBUG: process function: map&#10;couchapp.macros: DEBUG: process function: map&#10;couchapp.macros: DEBUG: process function: reduce&#10;couchapp.macros: DEBUG: process function: map&#10;couchapp.macros: DEBUG: process function: reduce&#10;couchapp.macros: DEBUG: process function: map&#10;couchapp.macros: DEBUG: process function: reduce&#10;couchapp.macros: DEBUG: process function: map&#10;couchapp.macros: DEBUG: process function: map&#10;couchapp.macros: DEBUG: process function: map&#10;couchapp.macros: DEBUG: process function: reduce&#10;couchapp.macros: DEBUG: process function: map&#10;couchapp.macros: DEBUG: process function: reduce&#10;couchapp.macros: DEBUG: process function: map&#10;couchapp.macros: DEBUG: process function: map&#10;couchapp.macros: DEBUG: process code macro: /build/cmsbld/jenkins-workarea/workspace/DMWM-WMAgent-TestAll/SLICE/0/label/slc6_amd64-cloud-tiny/code/src/couchapps/WorkQueue/lib/workqueue_utils.js&#10;couchapp.macros: DEBUG: process function: map&#10;couchapp.macros: DEBUG: process function: map&#10;couchapp.macros: DEBUG: process function: reduce&#10;couchapp.macros: DEBUG: process function: map&#10;couchapp.macros: DEBUG: process function: reduce&#10;couchapp.macros: DEBUG: process function: map&#10;couchapp.macros: DEBUG: process function: map&#10;restkit.client.request: INFO: Start request: PUT http://0.0.0.0:5984/workqueue_t/_design/WorkQueue&#10;restkit.client.request: DEBUG: Request headers: [['PUT /workqueue_t/_design/WorkQueue HTTP/1.1\r\n', 'Host: 0.0.0.0:5984\r\n', 'User-Agent: couchapp/0.7.1\r\n', 'Accept-Encoding: None\r\n', 'Accept: application/json\r\n', 'Content-Length: 101859\r\n', 'Content-Type: application/json\r\n', 'Authorization: Basic ZXd2OmRtd210ZXN0\r\n', '\r\n']]&#10;restkit.client.request: DEBUG: Start response: 201 Created&#10;restkit.client.request: DEBUG: Response headers: [[('Server', 'CouchDB/1.6.1 (Erlang OTP/R14B04)'), ('Location', 'http://0.0.0.0:5984/workqueue_t/_design/WorkQueue'), ('ETag', '&quot;1-c0666292b0bad14398f939545297e064&quot;'), ('Date', 'Mon, 12 Dec 2016 14:29:51 GMT'), ('Content-Type', 'application/json'), ('Content-Length', '80'), ('Cache-Control', 'must-revalidate')]]&#10;restkit.client.request: DEBUG: Return response: http://0.0.0.0:5984/workqueue_t/_design/WorkQueue&#10;couchapp.localdoc: INFO: Visit your CouchApp here:&#10;http://ewv:dmwmtest@0.0.0.0:5984/workqueue_t/_design/WorkQueue/index.html&#10;restkit.client.request: INFO: Start request: HEAD http://0.0.0.0:5984/workqueue_t_inbox&#10;restkit.client.request: DEBUG: Request headers: [['HEAD /workqueue_t_inbox HTTP/1.1\r\n', 'Host: 0.0.0.0:5984\r\n', 'User-Agent: couchapp/0.7.1\r\n', 'Accept-Encoding: None\r\n', 'Accept: application/json\r\n', 'Authorization: Basic ZXd2OmRtd210ZXN0\r\n', '\r\n']]&#10;restkit.client.request: DEBUG: Start response: 200 OK&#10;restkit.client.request: DEBUG: Response headers: [[('Server', 'CouchDB/1.6.1 (Erlang OTP/R14B04)'), ('Date', 'Mon, 12 Dec 2016 14:29:51 GMT'), ('Content-Type', 'application/json'), ('Content-Length', '236'), ('Cache-Control', 'must-revalidate')]]&#10;restkit.client.request: DEBUG: Return response: http://0.0.0.0:5984/workqueue_t_inbox&#10;couchapp.localdoc: DEBUG: push shows/redirect.js&#10;couchapp.localdoc: DEBUG: push shows/status.js&#10;couchapp.localdoc: DEBUG: push filters/childQueueFilter.js&#10;couchapp.localdoc: DEBUG: push filters/queueFilter.js&#10;couchapp.localdoc: DEBUG: push rewrites.json&#10;couchapp.localdoc: DEBUG: push README.md&#10;couchapp.localdoc: DEBUG: push templates/TaskStatus.html&#10;couchapp.localdoc: DEBUG: push templates/StuckElementSummary.html&#10;couchapp.localdoc: DEBUG: push templates/ElementSummaryByWorkflow.html&#10;couchapp.localdoc: DEBUG: push templates/partials/yui-lib-remote.html&#10;couchapp.localdoc: DEBUG: push templates/partials/workqueue-common-lib.html&#10;couchapp.localdoc: DEBUG: push templates/partials/yui-lib.html&#10;couchapp.localdoc: DEBUG: push templates/WorkflowSummary.html&#10;couchapp.localdoc: DEBUG: push language&#10;couchapp.localdoc: DEBUG: push updates/in-place.js&#10;couchapp.localdoc: DEBUG: push lib/validate.js&#10;couchapp.localdoc: DEBUG: push lib/workqueue_utils.js&#10;couchapp.localdoc: DEBUG: push lib/mustache.js&#10;couchapp.localdoc: DEBUG: push validate_doc_update.js&#10;couchapp.localdoc: DEBUG: push views/availableByPriority/map.js&#10;couchapp.localdoc: DEBUG: push views/childQueuesByRequest/map.js&#10;couchapp.localdoc: DEBUG: push views/childQueuesByRequest/reduce.js&#10;couchapp.localdoc: DEBUG: push views/wmbsUrlByRequest/map.js&#10;couchapp.localdoc: DEBUG: push views/wmbsUrlByRequest/reduce.js&#10;couchapp.localdoc: DEBUG: push views/elementsByWorkflow/map.js&#10;couchapp.localdoc: DEBUG: push views/elementsByWorkflow/reduce.js&#10;couchapp.localdoc: DEBUG: push views/specsByWorkflow/map.js&#10;couchapp.localdoc: DEBUG: push views/elementsByPileupData/map.js&#10;couchapp.localdoc: DEBUG: push views/activePileupData/map.js&#10;couchapp.localdoc: DEBUG: push views/activePileupData/reduce.js&#10;couchapp.localdoc: DEBUG: push views/elementsByStatus/map.js&#10;couchapp.localdoc: DEBUG: push views/elementsByData/map.js&#10;couchapp.localdoc: DEBUG: push views/elementsDetailByWorkflowAndStatus/map.js&#10;couchapp.localdoc: DEBUG: push views/workflowSummary/map.js&#10;couchapp.localdoc: DEBUG: push views/workflowSummary/reduce.js&#10;couchapp.localdoc: DEBUG: push views/analyticsData/map.js&#10;couchapp.localdoc: DEBUG: push views/analyticsData/reduce.js&#10;couchapp.localdoc: DEBUG: push views/stuckElements/map.js&#10;couchapp.localdoc: DEBUG: push views/activeData/map.js&#10;couchapp.localdoc: DEBUG: push views/activeData/reduce.js&#10;couchapp.localdoc: DEBUG: push views/jobsByRequest/map.js&#10;couchapp.localdoc: DEBUG: push views/jobsByRequest/reduce.js&#10;couchapp.localdoc: DEBUG: push views/wmbsUrl/map.js&#10;couchapp.localdoc: DEBUG: push views/wmbsUrl/reduce.js&#10;couchapp.localdoc: DEBUG: push views/jobInjectStatusByRequest/map.js&#10;couchapp.localdoc: DEBUG: push views/jobInjectStatusByRequest/reduce.js&#10;couchapp.localdoc: DEBUG: push views/elementsBySubscription/map.js&#10;couchapp.localdoc: DEBUG: push views/elements/map.js&#10;couchapp.localdoc: DEBUG: push views/activeParentData/map.js&#10;couchapp.localdoc: DEBUG: push views/activeParentData/reduce.js&#10;couchapp.localdoc: DEBUG: push views/childQueues/map.js&#10;couchapp.localdoc: DEBUG: push views/childQueues/reduce.js&#10;couchapp.localdoc: DEBUG: push views/jobStatusByRequest/map.js&#10;couchapp.localdoc: DEBUG: push views/jobStatusByRequest/reduce.js&#10;couchapp.localdoc: DEBUG: push views/elementsByParentData/map.js&#10;couchapp.localdoc: DEBUG: push views/elementsByParent/map.js&#10;couchapp.localdoc: DEBUG: push views/conflicts/map.js&#10;couchapp.localdoc: DEBUG: push views/recent-items/map.js&#10;couchapp.localdoc: DEBUG: push views/siteWhitelistByRequest/map.js&#10;couchapp.localdoc: DEBUG: push views/siteWhitelistByRequest/reduce.js&#10;couchapp.localdoc: DEBUG: push views/wmbsInjectStatusByRequest/map.js&#10;couchapp.localdoc: DEBUG: push views/wmbsInjectStatusByRequest/reduce.js&#10;couchapp.localdoc: DEBUG: push lists/stuckElements.js&#10;couchapp.localdoc: DEBUG: push lists/elementsDetail.js&#10;couchapp.localdoc: DEBUG: push lists/workRestrictions.js&#10;couchapp.localdoc: DEBUG: push lists/filter.js&#10;couchapp.localdoc: DEBUG: push lists/workflowSummary.js&#10;restkit.client.request: INFO: Start request: GET http://0.0.0.0:5984/workqueue_t_inbox/_design/WorkQueue&#10;restkit.client.request: DEBUG: Request headers: [['GET /workqueue_t_inbox/_design/WorkQueue HTTP/1.1\r\n', 'Host: 0.0.0.0:5984\r\n', 'User-Agent: couchapp/0.7.1\r\n', 'Accept-Encoding: None\r\n', 'Accept: application/json\r\n', 'Authorization: Basic ZXd2OmRtd210ZXN0\r\n', '\r\n']]&#10;restkit.client.request: DEBUG: Start response: 404 Object Not Found&#10;restkit.client.request: DEBUG: Response headers: [[('Server', 'CouchDB/1.6.1 (Erlang OTP/R14B04)'), ('Date', 'Mon, 12 Dec 2016 14:29:51 GMT'), ('Content-Type', 'application/json'), ('Content-Length', '41'), ('Cache-Control', 'must-revalidate')]]&#10;restkit.client.request: DEBUG: Return response: http://0.0.0.0:5984/workqueue_t_inbox/_design/WorkQueue&#10;couchapp.localdoc: DEBUG: attach index.html &#10;couchapp.localdoc: DEBUG: attach js/StuckElementInfo.js &#10;couchapp.localdoc: DEBUG: attach js/namespace.js &#10;couchapp.localdoc: DEBUG: attach js/ElementInfoByWorkflow.js &#10;couchapp.localdoc: DEBUG: attach js/dataTable.js &#10;couchapp.localdoc: DEBUG: attach js/WorkloadInfoTable.js &#10;couchapp.localdoc: DEBUG: attach style/main.css &#10;couchapp.localdoc: DEBUG: attach vendor/couchapp/jquery.couch.app.js &#10;couchapp.localdoc: DEBUG: attach vendor/couchapp/jquery.pathbinder.js &#10;couchapp.macros: DEBUG: process function: redirect&#10;couchapp.macros: DEBUG: process function: status&#10;couchapp.macros: DEBUG: process function: filter&#10;couchapp.macros: DEBUG: process function: stuckElements&#10;couchapp.macros: DEBUG: process function: workRestrictions&#10;couchapp.macros: DEBUG: process function: elementsDetail&#10;couchapp.macros: DEBUG: process function: workflowSummary&#10;couchapp.macros: DEBUG: process function: in-place&#10;couchapp.macros: DEBUG: process function: queueFilter&#10;couchapp.macros: DEBUG: process function: childQueueFilter&#10;couchapp.macros: DEBUG: process function: validate_doc_update&#10;couchapp.macros: DEBUG: process function: map&#10;couchapp.macros: DEBUG: process function: map&#10;couchapp.macros: DEBUG: process function: map&#10;couchapp.macros: DEBUG: process function: reduce&#10;couchapp.macros: DEBUG: process function: map&#10;couchapp.macros: DEBUG: process function: reduce&#10;couchapp.macros: DEBUG: process function: map&#10;couchapp.macros: DEBUG: process function: map&#10;couchapp.macros: DEBUG: process function: map&#10;couchapp.macros: DEBUG: process function: reduce&#10;couchapp.macros: DEBUG: process function: map&#10;couchapp.macros: DEBUG: process function: reduce&#10;couchapp.macros: DEBUG: process function: map&#10;couchapp.macros: DEBUG: process function: reduce&#10;couchapp.macros: DEBUG: process function: map&#10;couchapp.macros: DEBUG: process function: reduce&#10;couchapp.macros: DEBUG: process function: map&#10;couchapp.macros: DEBUG: process function: reduce&#10;couchapp.macros: DEBUG: process function: map&#10;couchapp.macros: DEBUG: process function: reduce&#10;couchapp.macros: DEBUG: process function: map&#10;couchapp.macros: DEBUG: process function: map&#10;couchapp.macros: DEBUG: process function: map&#10;couchapp.macros: DEBUG: process function: reduce&#10;couchapp.macros: DEBUG: process function: map&#10;couchapp.macros: DEBUG: process function: reduce&#10;couchapp.macros: DEBUG: process function: map&#10;couchapp.macros: DEBUG: process function: reduce&#10;couchapp.macros: DEBUG: process function: map&#10;couchapp.macros: DEBUG: process function: map&#10;couchapp.macros: DEBUG: process function: map&#10;couchapp.macros: DEBUG: process function: reduce&#10;couchapp.macros: DEBUG: process function: map&#10;couchapp.macros: DEBUG: process function: reduce&#10;couchapp.macros: DEBUG: process function: map&#10;couchapp.macros: DEBUG: process function: map&#10;couchapp.macros: DEBUG: process code macro: /build/cmsbld/jenkins-workarea/workspace/DMWM-WMAgent-TestAll/SLICE/0/label/slc6_amd64-cloud-tiny/code/src/couchapps/WorkQueue/lib/workqueue_utils.js&#10;couchapp.macros: DEBUG: process function: map&#10;couchapp.macros: DEBUG: process function: map&#10;couchapp.macros: DEBUG: process function: reduce&#10;couchapp.macros: DEBUG: process function: map&#10;couchapp.macros: DEBUG: process function: reduce&#10;couchapp.macros: DEBUG: process function: map&#10;couchapp.macros: DEBUG: process function: map&#10;restkit.client.request: INFO: Start request: PUT http://0.0.0.0:5984/workqueue_t_inbox/_design/WorkQueue&#10;restkit.client.request: DEBUG: Request headers: [['PUT /workqueue_t_inbox/_design/WorkQueue HTTP/1.1\r\n', 'Host: 0.0.0.0:5984\r\n', 'User-Agent: couchapp/0.7.1\r\n', 'Accept-Encoding: None\r\n', 'Accept: application/json\r\n', 'Content-Length: 101859\r\n', 'Content-Type: application/json\r\n', 'Authorization: Basic ZXd2OmRtd210ZXN0\r\n', '\r\n']]&#10;restkit.client.request: DEBUG: Start response: 201 Created&#10;restkit.client.request: DEBUG: Response headers: [[('Server', 'CouchDB/1.6.1 (Erlang OTP/R14B04)'), ('Location', 'http://0.0.0.0:5984/workqueue_t_inbox/_design/WorkQueue'), ('ETag', '&quot;1-c0666292b0bad14398f939545297e064&quot;'), ('Date', 'Mon, 12 Dec 2016 14:29:51 GMT'), ('Content-Type', 'application/json'), ('Content-Length', '80'), ('Cache-Control', 'must-revalidate')]]&#10;restkit.client.request: DEBUG: Return response: http://0.0.0.0:5984/workqueue_t_inbox/_design/WorkQueue&#10;couchapp.localdoc: INFO: Visit your CouchApp here:&#10;http://ewv:dmwmtest@0.0.0.0:5984/workqueue_t_inbox/_design/WorkQueue/index.html&#10;restkit.client.request: INFO: Start request: HEAD http://0.0.0.0:5984/workqueue_t_global&#10;restkit.client.request: DEBUG: Request headers: [['HEAD /workqueue_t_global HTTP/1.1\r\n', 'Host: 0.0.0.0:5984\r\n', 'User-Agent: couchapp/0.7.1\r\n', 'Accept-Encoding: None\r\n', 'Accept: application/json\r\n', 'Authorization: Basic ZXd2OmRtd210ZXN0\r\n', '\r\n']]&#10;restkit.client.request: DEBUG: Start response: 200 OK&#10;restkit.client.request: DEBUG: Response headers: [[('Server', 'CouchDB/1.6.1 (Erlang OTP/R14B04)'), ('Date', 'Mon, 12 Dec 2016 14:29:51 GMT'), ('Content-Type', 'application/json'), ('Content-Length', '237'), ('Cache-Control', 'must-revalidate')]]&#10;restkit.client.request: DEBUG: Return response: http://0.0.0.0:5984/workqueue_t_global&#10;couchapp.localdoc: DEBUG: push shows/redirect.js&#10;couchapp.localdoc: DEBUG: push shows/status.js&#10;couchapp.localdoc: DEBUG: push filters/childQueueFilter.js&#10;couchapp.localdoc: DEBUG: push filters/queueFilter.js&#10;couchapp.localdoc: DEBUG: push rewrites.json&#10;couchapp.localdoc: DEBUG: push README.md&#10;couchapp.localdoc: DEBUG: push templates/TaskStatus.html&#10;couchapp.localdoc: DEBUG: push templates/StuckElementSummary.html&#10;couchapp.localdoc: DEBUG: push templates/ElementSummaryByWorkflow.html&#10;couchapp.localdoc: DEBUG: push templates/partials/yui-lib-remote.html&#10;couchapp.localdoc: DEBUG: push templates/partials/workqueue-common-lib.html&#10;couchapp.localdoc: DEBUG: push templates/partials/yui-lib.html&#10;couchapp.localdoc: DEBUG: push templates/WorkflowSummary.html&#10;couchapp.localdoc: DEBUG: push language&#10;couchapp.localdoc: DEBUG: push updates/in-place.js&#10;couchapp.localdoc: DEBUG: push lib/validate.js&#10;couchapp.localdoc: DEBUG: push lib/workqueue_utils.js&#10;couchapp.localdoc: DEBUG: push lib/mustache.js&#10;couchapp.localdoc: DEBUG: push validate_doc_update.js&#10;couchapp.localdoc: DEBUG: push views/availableByPriority/map.js&#10;couchapp.localdoc: DEBUG: push views/childQueuesByRequest/map.js&#10;couchapp.localdoc: DEBUG: push views/childQueuesByRequest/reduce.js&#10;couchapp.localdoc: DEBUG: push views/wmbsUrlByRequest/map.js&#10;couchapp.localdoc: DEBUG: push views/wmbsUrlByRequest/reduce.js&#10;couchapp.localdoc: DEBUG: push views/elementsByWorkflow/map.js&#10;couchapp.localdoc: DEBUG: push views/elementsByWorkflow/reduce.js&#10;couchapp.localdoc: DEBUG: push views/specsByWorkflow/map.js&#10;couchapp.localdoc: DEBUG: push views/elementsByPileupData/map.js&#10;couchapp.localdoc: DEBUG: push views/activePileupData/map.js&#10;couchapp.localdoc: DEBUG: push views/activePileupData/reduce.js&#10;couchapp.localdoc: DEBUG: push views/elementsByStatus/map.js&#10;couchapp.localdoc: DEBUG: push views/elementsByData/map.js&#10;couchapp.localdoc: DEBUG: push views/elementsDetailByWorkflowAndStatus/map.js&#10;couchapp.localdoc: DEBUG: push views/workflowSummary/map.js&#10;couchapp.localdoc: DEBUG: push views/workflowSummary/reduce.js&#10;couchapp.localdoc: DEBUG: push views/analyticsData/map.js&#10;couchapp.localdoc: DEBUG: push views/analyticsData/reduce.js&#10;couchapp.localdoc: DEBUG: push views/stuckElements/map.js&#10;couchapp.localdoc: DEBUG: push views/activeData/map.js&#10;couchapp.localdoc: DEBUG: push views/activeData/reduce.js&#10;couchapp.localdoc: DEBUG: push views/jobsByRequest/map.js&#10;couchapp.localdoc: DEBUG: push views/jobsByRequest/reduce.js&#10;couchapp.localdoc: DEBUG: push views/wmbsUrl/map.js&#10;couchapp.localdoc: DEBUG: push views/wmbsUrl/reduce.js&#10;couchapp.localdoc: DEBUG: push views/jobInjectStatusByRequest/map.js&#10;couchapp.localdoc: DEBUG: push views/jobInjectStatusByRequest/reduce.js&#10;couchapp.localdoc: DEBUG: push views/elementsBySubscription/map.js&#10;couchapp.localdoc: DEBUG: push views/elements/map.js&#10;couchapp.localdoc: DEBUG: push views/activeParentData/map.js&#10;couchapp.localdoc: DEBUG: push views/activeParentData/reduce.js&#10;couchapp.localdoc: DEBUG: push views/childQueues/map.js&#10;couchapp.localdoc: DEBUG: push views/childQueues/reduce.js&#10;couchapp.localdoc: DEBUG: push views/jobStatusByRequest/map.js&#10;couchapp.localdoc: DEBUG: push views/jobStatusByRequest/reduce.js&#10;couchapp.localdoc: DEBUG: push views/elementsByParentData/map.js&#10;couchapp.localdoc: DEBUG: push views/elementsByParent/map.js&#10;couchapp.localdoc: DEBUG: push views/conflicts/map.js&#10;couchapp.localdoc: DEBUG: push views/recent-items/map.js&#10;couchapp.localdoc: DEBUG: push views/siteWhitelistByRequest/map.js&#10;couchapp.localdoc: DEBUG: push views/siteWhitelistByRequest/reduce.js&#10;couchapp.localdoc: DEBUG: push views/wmbsInjectStatusByRequest/map.js&#10;couchapp.localdoc: DEBUG: push views/wmbsInjectStatusByRequest/reduce.js&#10;couchapp.localdoc: DEBUG: push lists/stuckElements.js&#10;couchapp.localdoc: DEBUG: push lists/elementsDetail.js&#10;couchapp.localdoc: DEBUG: push lists/workRestrictions.js&#10;couchapp.localdoc: DEBUG: push lists/filter.js&#10;couchapp.localdoc: DEBUG: push lists/workflowSummary.js&#10;restkit.client.request: INFO: Start request: GET http://0.0.0.0:5984/workqueue_t_global/_design/WorkQueue&#10;restkit.client.request: DEBUG: Request headers: [['GET /workqueue_t_global/_design/WorkQueue HTTP/1.1\r\n', 'Host: 0.0.0.0:5984\r\n', 'User-Agent: couchapp/0.7.1\r\n', 'Accept-Encoding: None\r\n', 'Accept: application/json\r\n', 'Authorization: Basic ZXd2OmRtd210ZXN0\r\n', '\r\n']]&#10;restkit.client.request: DEBUG: Start response: 404 Object Not Found&#10;restkit.client.request: DEBUG: Response headers: [[('Server', 'CouchDB/1.6.1 (Erlang OTP/R14B04)'), ('Date', 'Mon, 12 Dec 2016 14:29:51 GMT'), ('Content-Type', 'application/json'), ('Content-Length', '41'), ('Cache-Control', 'must-revalidate')]]&#10;restkit.client.request: DEBUG: Return response: http://0.0.0.0:5984/workqueue_t_global/_design/WorkQueue&#10;couchapp.localdoc: DEBUG: attach index.html &#10;couchapp.localdoc: DEBUG: attach js/StuckElementInfo.js &#10;couchapp.localdoc: DEBUG: attach js/namespace.js &#10;couchapp.localdoc: DEBUG: attach js/ElementInfoByWorkflow.js &#10;couchapp.localdoc: DEBUG: attach js/dataTable.js &#10;couchapp.localdoc: DEBUG: attach js/WorkloadInfoTable.js &#10;couchapp.localdoc: DEBUG: attach style/main.css &#10;couchapp.localdoc: DEBUG: attach vendor/couchapp/jquery.couch.app.js &#10;couchapp.localdoc: DEBUG: attach vendor/couchapp/jquery.pathbinder.js &#10;couchapp.macros: DEBUG: process function: redirect&#10;couchapp.macros: DEBUG: process function: status&#10;couchapp.macros: DEBUG: process function: filter&#10;couchapp.macros: DEBUG: process function: stuckElements&#10;couchapp.macros: DEBUG: process function: workRestrictions&#10;couchapp.macros: DEBUG: process function: elementsDetail&#10;couchapp.macros: DEBUG: process function: workflowSummary&#10;couchapp.macros: DEBUG: process function: in-place&#10;couchapp.macros: DEBUG: process function: queueFilter&#10;couchapp.macros: DEBUG: process function: childQueueFilter&#10;couchapp.macros: DEBUG: process function: validate_doc_update&#10;couchapp.macros: DEBUG: process function: map&#10;couchapp.macros: DEBUG: process function: map&#10;couchapp.macros: DEBUG: process function: map&#10;couchapp.macros: DEBUG: process function: reduce&#10;couchapp.macros: DEBUG: process function: map&#10;couchapp.macros: DEBUG: process function: reduce&#10;couchapp.macros: DEBUG: process function: map&#10;couchapp.macros: DEBUG: process function: map&#10;couchapp.macros: DEBUG: process function: map&#10;couchapp.macros: DEBUG: process function: reduce&#10;couchapp.macros: DEBUG: process function: map&#10;couchapp.macros: DEBUG: process function: reduce&#10;couchapp.macros: DEBUG: process function: map&#10;couchapp.macros: DEBUG: process function: reduce&#10;couchapp.macros: DEBUG: process function: map&#10;couchapp.macros: DEBUG: process function: reduce&#10;couchapp.macros: DEBUG: process function: map&#10;couchapp.macros: DEBUG: process function: reduce&#10;couchapp.macros: DEBUG: process function: map&#10;couchapp.macros: DEBUG: process function: reduce&#10;couchapp.macros: DEBUG: process function: map&#10;couchapp.macros: DEBUG: process function: map&#10;couchapp.macros: DEBUG: process function: map&#10;couchapp.macros: DEBUG: process function: reduce&#10;couchapp.macros: DEBUG: process function: map&#10;couchapp.macros: DEBUG: process function: reduce&#10;couchapp.macros: DEBUG: process function: map&#10;couchapp.macros: DEBUG: process function: reduce&#10;couchapp.macros: DEBUG: process function: map&#10;couchapp.macros: DEBUG: process function: map&#10;couchapp.macros: DEBUG: process function: map&#10;couchapp.macros: DEBUG: process function: reduce&#10;couchapp.macros: DEBUG: process function: map&#10;couchapp.macros: DEBUG: process function: reduce&#10;couchapp.macros: DEBUG: process function: map&#10;couchapp.macros: DEBUG: process function: map&#10;couchapp.macros: DEBUG: process code macro: /build/cmsbld/jenkins-workarea/workspace/DMWM-WMAgent-TestAll/SLICE/0/label/slc6_amd64-cloud-tiny/code/src/couchapps/WorkQueue/lib/workqueue_utils.js&#10;couchapp.macros: DEBUG: process function: map&#10;couchapp.macros: DEBUG: process function: map&#10;couchapp.macros: DEBUG: process function: reduce&#10;couchapp.macros: DEBUG: process function: map&#10;couchapp.macros: DEBUG: process function: reduce&#10;couchapp.macros: DEBUG: process function: map&#10;couchapp.macros: DEBUG: process function: map&#10;restkit.client.request: INFO: Start request: PUT http://0.0.0.0:5984/workqueue_t_global/_design/WorkQueue&#10;restkit.client.request: DEBUG: Request headers: [['PUT /workqueue_t_global/_design/WorkQueue HTTP/1.1\r\n', 'Host: 0.0.0.0:5984\r\n', 'User-Agent: couchapp/0.7.1\r\n', 'Accept-Encoding: None\r\n', 'Accept: application/json\r\n', 'Content-Length: 101859\r\n', 'Content-Type: application/json\r\n', 'Authorization: Basic ZXd2OmRtd210ZXN0\r\n', '\r\n']]&#10;restkit.client.request: DEBUG: Start response: 201 Created&#10;restkit.client.request: DEBUG: Response headers: [[('Server', 'CouchDB/1.6.1 (Erlang OTP/R14B04)'), ('Location', 'http://0.0.0.0:5984/workqueue_t_global/_design/WorkQueue'), ('ETag', '&quot;1-c0666292b0bad14398f939545297e064&quot;'), ('Date', 'Mon, 12 Dec 2016 14:29:51 GMT'), ('Content-Type', 'application/json'), ('Content-Length', '80'), ('Cache-Control', 'must-revalidate')]]&#10;restkit.client.request: DEBUG: Return response: http://0.0.0.0:5984/workqueue_t_global/_design/WorkQueue&#10;couchapp.localdoc: INFO: Visit your CouchApp here:&#10;http://ewv:dmwmtest@0.0.0.0:5984/workqueue_t_global/_design/WorkQueue/index.html&#10;restkit.client.request: INFO: Start request: HEAD http://0.0.0.0:5984/workqueue_t_global_inbox&#10;restkit.client.request: DEBUG: Request headers: [['HEAD /workqueue_t_global_inbox HTTP/1.1\r\n', 'Host: 0.0.0.0:5984\r\n', 'User-Agent: couchapp/0.7.1\r\n', 'Accept-Encoding: None\r\n', 'Accept: application/json\r\n', 'Authorization: Basic ZXd2OmRtd210ZXN0\r\n', '\r\n']]&#10;restkit.client.request: DEBUG: Start response: 200 OK&#10;restkit.client.request: DEBUG: Response headers: [[('Server', 'CouchDB/1.6.1 (Erlang OTP/R14B04)'), ('Date', 'Mon, 12 Dec 2016 14:29:51 GMT'), ('Content-Type', 'application/json'), ('Content-Length', '243'), ('Cache-Control', 'must-revalidate')]]&#10;restkit.client.request: DEBUG: Return response: http://0.0.0.0:5984/workqueue_t_global_inbox&#10;couchapp.localdoc: DEBUG: push shows/redirect.js&#10;couchapp.localdoc: DEBUG: push shows/status.js&#10;couchapp.localdoc: DEBUG: push filters/childQueueFilter.js&#10;couchapp.localdoc: DEBUG: push filters/queueFilter.js&#10;couchapp.localdoc: DEBUG: push rewrites.json&#10;couchapp.localdoc: DEBUG: push README.md&#10;couchapp.localdoc: DEBUG: push templates/TaskStatus.html&#10;couchapp.localdoc: DEBUG: push templates/StuckElementSummary.html&#10;couchapp.localdoc: DEBUG: push templates/ElementSummaryByWorkflow.html&#10;couchapp.localdoc: DEBUG: push templates/partials/yui-lib-remote.html&#10;couchapp.localdoc: DEBUG: push templates/partials/workqueue-common-lib.html&#10;couchapp.localdoc: DEBUG: push templates/partials/yui-lib.html&#10;couchapp.localdoc: DEBUG: push templates/WorkflowSummary.html&#10;couchapp.localdoc: DEBUG: push language&#10;couchapp.localdoc: DEBUG: push updates/in-place.js&#10;couchapp.localdoc: DEBUG: push lib/validate.js&#10;couchapp.localdoc: DEBUG: push lib/workqueue_utils.js&#10;couchapp.localdoc: DEBUG: push lib/mustache.js&#10;couchapp.localdoc: DEBUG: push validate_doc_update.js&#10;couchapp.localdoc: DEBUG: push views/availableByPriority/map.js&#10;couchapp.localdoc: DEBUG: push views/childQueuesByRequest/map.js&#10;couchapp.localdoc: DEBUG: push views/childQueuesByRequest/reduce.js&#10;couchapp.localdoc: DEBUG: push views/wmbsUrlByRequest/map.js&#10;couchapp.localdoc: DEBUG: push views/wmbsUrlByRequest/reduce.js&#10;couchapp.localdoc: DEBUG: push views/elementsByWorkflow/map.js&#10;couchapp.localdoc: DEBUG: push views/elementsByWorkflow/reduce.js&#10;couchapp.localdoc: DEBUG: push views/specsByWorkflow/map.js&#10;couchapp.localdoc: DEBUG: push views/elementsByPileupData/map.js&#10;couchapp.localdoc: DEBUG: push views/activePileupData/map.js&#10;couchapp.localdoc: DEBUG: push views/activePileupData/reduce.js&#10;couchapp.localdoc: DEBUG: push views/elementsByStatus/map.js&#10;couchapp.localdoc: DEBUG: push views/elementsByData/map.js&#10;couchapp.localdoc: DEBUG: push views/elementsDetailByWorkflowAndStatus/map.js&#10;couchapp.localdoc: DEBUG: push views/workflowSummary/map.js&#10;couchapp.localdoc: DEBUG: push views/workflowSummary/reduce.js&#10;couchapp.localdoc: DEBUG: push views/analyticsData/map.js&#10;couchapp.localdoc: DEBUG: push views/analyticsData/reduce.js&#10;couchapp.localdoc: DEBUG: push views/stuckElements/map.js&#10;couchapp.localdoc: DEBUG: push views/activeData/map.js&#10;couchapp.localdoc: DEBUG: push views/activeData/reduce.js&#10;couchapp.localdoc: DEBUG: push views/jobsByRequest/map.js&#10;couchapp.localdoc: DEBUG: push views/jobsByRequest/reduce.js&#10;couchapp.localdoc: DEBUG: push views/wmbsUrl/map.js&#10;couchapp.localdoc: DEBUG: push views/wmbsUrl/reduce.js&#10;couchapp.localdoc: DEBUG: push views/jobInjectStatusByRequest/map.js&#10;couchapp.localdoc: DEBUG: push views/jobInjectStatusByRequest/reduce.js&#10;couchapp.localdoc: DEBUG: push views/elementsBySubscription/map.js&#10;couchapp.localdoc: DEBUG: push views/elements/map.js&#10;couchapp.localdoc: DEBUG: push views/activeParentData/map.js&#10;couchapp.localdoc: DEBUG: push views/activeParentData/reduce.js&#10;couchapp.localdoc: DEBUG: push views/childQueues/map.js&#10;couchapp.localdoc: DEBUG: push views/childQueues/reduce.js&#10;couchapp.localdoc: DEBUG: push views/jobStatusByRequest/map.js&#10;couchapp.localdoc: DEBUG: push views/jobStatusByRequest/reduce.js&#10;couchapp.localdoc: DEBUG: push views/elementsByParentData/map.js&#10;couchapp.localdoc: DEBUG: push views/elementsByParent/map.js&#10;couchapp.localdoc: DEBUG: push views/conflicts/map.js&#10;couchapp.localdoc: DEBUG: push views/recent-items/map.js&#10;couchapp.localdoc: DEBUG: push views/siteWhitelistByRequest/map.js&#10;couchapp.localdoc: DEBUG: push views/siteWhitelistByRequest/reduce.js&#10;couchapp.localdoc: DEBUG: push views/wmbsInjectStatusByRequest/map.js&#10;couchapp.localdoc: DEBUG: push views/wmbsInjectStatusByRequest/reduce.js&#10;couchapp.localdoc: DEBUG: push lists/stuckElements.js&#10;couchapp.localdoc: DEBUG: push lists/elementsDetail.js&#10;couchapp.localdoc: DEBUG: push lists/workRestrictions.js&#10;couchapp.localdoc: DEBUG: push lists/filter.js&#10;couchapp.localdoc: DEBUG: push lists/workflowSummary.js&#10;restkit.client.request: INFO: Start request: GET http://0.0.0.0:5984/workqueue_t_global_inbox/_design/WorkQueue&#10;restkit.client.request: DEBUG: Request headers: [['GET /workqueue_t_global_inbox/_design/WorkQueue HTTP/1.1\r\n', 'Host: 0.0.0.0:5984\r\n', 'User-Agent: couchapp/0.7.1\r\n', 'Accept-Encoding: None\r\n', 'Accept: application/json\r\n', 'Authorization: Basic ZXd2OmRtd210ZXN0\r\n', '\r\n']]&#10;restkit.client.request: DEBUG: Start response: 404 Object Not Found&#10;restkit.client.request: DEBUG: Response headers: [[('Server', 'CouchDB/1.6.1 (Erlang OTP/R14B04)'), ('Date', 'Mon, 12 Dec 2016 14:29:52 GMT'), ('Content-Type', 'application/json'), ('Content-Length', '41'), ('Cache-Control', 'must-revalidate')]]&#10;restkit.client.request: DEBUG: Return response: http://0.0.0.0:5984/workqueue_t_global_inbox/_design/WorkQueue&#10;couchapp.localdoc: DEBUG: attach index.html &#10;couchapp.localdoc: DEBUG: attach js/StuckElementInfo.js &#10;couchapp.localdoc: DEBUG: attach js/namespace.js &#10;couchapp.localdoc: DEBUG: attach js/ElementInfoByWorkflow.js &#10;couchapp.localdoc: DEBUG: attach js/dataTable.js &#10;couchapp.localdoc: DEBUG: attach js/WorkloadInfoTable.js &#10;couchapp.localdoc: DEBUG: attach style/main.css &#10;couchapp.localdoc: DEBUG: attach vendor/couchapp/jquery.couch.app.js &#10;couchapp.localdoc: DEBUG: attach vendor/couchapp/jquery.pathbinder.js &#10;couchapp.macros: DEBUG: process function: redirect&#10;couchapp.macros: DEBUG: process function: status&#10;couchapp.macros: DEBUG: process function: filter&#10;couchapp.macros: DEBUG: process function: stuckElements&#10;couchapp.macros: DEBUG: process function: workRestrictions&#10;couchapp.macros: DEBUG: process function: elementsDetail&#10;couchapp.macros: DEBUG: process function: workflowSummary&#10;couchapp.macros: DEBUG: process function: in-place&#10;couchapp.macros: DEBUG: process function: queueFilter&#10;couchapp.macros: DEBUG: process function: childQueueFilter&#10;couchapp.macros: DEBUG: process function: validate_doc_update&#10;couchapp.macros: DEBUG: process function: map&#10;couchapp.macros: DEBUG: process function: map&#10;couchapp.macros: DEBUG: process function: map&#10;couchapp.macros: DEBUG: process function: reduce&#10;couchapp.macros: DEBUG: process function: map&#10;couchapp.macros: DEBUG: process function: reduce&#10;couchapp.macros: DEBUG: process function: map&#10;couchapp.macros: DEBUG: process function: map&#10;couchapp.macros: DEBUG: process function: map&#10;couchapp.macros: DEBUG: process function: reduce&#10;couchapp.macros: DEBUG: process function: map&#10;couchapp.macros: DEBUG: process function: reduce&#10;couchapp.macros: DEBUG: process function: map&#10;couchapp.macros: DEBUG: process function: reduce&#10;couchapp.macros: DEBUG: process function: map&#10;couchapp.macros: DEBUG: process function: reduce&#10;couchapp.macros: DEBUG: process function: map&#10;couchapp.macros: DEBUG: process function: reduce&#10;couchapp.macros: DEBUG: process function: map&#10;couchapp.macros: DEBUG: process function: reduce&#10;couchapp.macros: DEBUG: process function: map&#10;couchapp.macros: DEBUG: process function: map&#10;couchapp.macros: DEBUG: process function: map&#10;couchapp.macros: DEBUG: process function: reduce&#10;couchapp.macros: DEBUG: process function: map&#10;couchapp.macros: DEBUG: process function: reduce&#10;couchapp.macros: DEBUG: process function: map&#10;couchapp.macros: DEBUG: process function: reduce&#10;couchapp.macros: DEBUG: process function: map&#10;couchapp.macros: DEBUG: process function: map&#10;couchapp.macros: DEBUG: process function: map&#10;couchapp.macros: DEBUG: process function: reduce&#10;couchapp.macros: DEBUG: process function: map&#10;couchapp.macros: DEBUG: process function: reduce&#10;couchapp.macros: DEBUG: process function: map&#10;couchapp.macros: DEBUG: process function: map&#10;couchapp.macros: DEBUG: process code macro: /build/cmsbld/jenkins-workarea/workspace/DMWM-WMAgent-TestAll/SLICE/0/label/slc6_amd64-cloud-tiny/code/src/couchapps/WorkQueue/lib/workqueue_utils.js&#10;couchapp.macros: DEBUG: process function: map&#10;couchapp.macros: DEBUG: process function: map&#10;couchapp.macros: DEBUG: process function: reduce&#10;couchapp.macros: DEBUG: process function: map&#10;couchapp.macros: DEBUG: process function: reduce&#10;couchapp.macros: DEBUG: process function: map&#10;couchapp.macros: DEBUG: process function: map&#10;restkit.client.request: INFO: Start request: PUT http://0.0.0.0:5984/workqueue_t_global_inbox/_design/WorkQueue&#10;restkit.client.request: DEBUG: Request headers: [['PUT /workqueue_t_global_inbox/_design/WorkQueue HTTP/1.1\r\n', 'Host: 0.0.0.0:5984\r\n', 'User-Agent: couchapp/0.7.1\r\n', 'Accept-Encoding: None\r\n', 'Accept: application/json\r\n', 'Content-Length: 101859\r\n', 'Content-Type: application/json\r\n', 'Authorization: Basic ZXd2OmRtd210ZXN0\r\n', '\r\n']]&#10;restkit.client.request: DEBUG: Start response: 201 Created&#10;restkit.client.request: DEBUG: Response headers: [[('Server', 'CouchDB/1.6.1 (Erlang OTP/R14B04)'), ('Location', 'http://0.0.0.0:5984/workqueue_t_global_inbox/_design/WorkQueue'), ('ETag', '&quot;1-c0666292b0bad14398f939545297e064&quot;'), ('Date', 'Mon, 12 Dec 2016 14:29:52 GMT'), ('Content-Type', 'application/json'), ('Content-Length', '80'), ('Cache-Control', 'must-revalidate')]]&#10;restkit.client.request: DEBUG: Return response: http://0.0.0.0:5984/workqueue_t_global_inbox/_design/WorkQueue&#10;couchapp.localdoc: INFO: Visit your CouchApp here:&#10;http://ewv:dmwmtest@0.0.0.0:5984/workqueue_t_global_inbox/_design/WorkQueue/index.html&#10;restkit.client.request: INFO: Start request: HEAD http://0.0.0.0:5984/workqueue_t_local&#10;restkit.client.request: DEBUG: Request headers: [['HEAD /workqueue_t_local HTTP/1.1\r\n', 'Host: 0.0.0.0:5984\r\n', 'User-Agent: couchapp/0.7.1\r\n', 'Accept-Encoding: None\r\n', 'Accept: application/json\r\n', 'Authorization: Basic ZXd2OmRtd210ZXN0\r\n', '\r\n']]&#10;restkit.client.request: DEBUG: Start response: 200 OK&#10;restkit.client.request: DEBUG: Response headers: [[('Server', 'CouchDB/1.6.1 (Erlang OTP/R14B04)'), ('Date', 'Mon, 12 Dec 2016 14:29:52 GMT'), ('Content-Type', 'application/json'), ('Content-Length', '236'), ('Cache-Control', 'must-revalidate')]]&#10;restkit.client.request: DEBUG: Return response: http://0.0.0.0:5984/workqueue_t_local&#10;couchapp.localdoc: DEBUG: push shows/redirect.js&#10;couchapp.localdoc: DEBUG: push shows/status.js&#10;couchapp.localdoc: DEBUG: push filters/childQueueFilter.js&#10;couchapp.localdoc: DEBUG: push filters/queueFilter.js&#10;couchapp.localdoc: DEBUG: push rewrites.json&#10;couchapp.localdoc: DEBUG: push README.md&#10;couchapp.localdoc: DEBUG: push templates/TaskStatus.html&#10;couchapp.localdoc: DEBUG: push templates/StuckElementSummary.html&#10;couchapp.localdoc: DEBUG: push templates/ElementSummaryByWorkflow.html&#10;couchapp.localdoc: DEBUG: push templates/partials/yui-lib-remote.html&#10;couchapp.localdoc: DEBUG: push templates/partials/workqueue-common-lib.html&#10;couchapp.localdoc: DEBUG: push templates/partials/yui-lib.html&#10;couchapp.localdoc: DEBUG: push templates/WorkflowSummary.html&#10;couchapp.localdoc: DEBUG: push language&#10;couchapp.localdoc: DEBUG: push updates/in-place.js&#10;couchapp.localdoc: DEBUG: push lib/validate.js&#10;couchapp.localdoc: DEBUG: push lib/workqueue_utils.js&#10;couchapp.localdoc: DEBUG: push lib/mustache.js&#10;couchapp.localdoc: DEBUG: push validate_doc_update.js&#10;couchapp.localdoc: DEBUG: push views/availableByPriority/map.js&#10;couchapp.localdoc: DEBUG: push views/childQueuesByRequest/map.js&#10;couchapp.localdoc: DEBUG: push views/childQueuesByRequest/reduce.js&#10;couchapp.localdoc: DEBUG: push views/wmbsUrlByRequest/map.js&#10;couchapp.localdoc: DEBUG: push views/wmbsUrlByRequest/reduce.js&#10;couchapp.localdoc: DEBUG: push views/elementsByWorkflow/map.js&#10;couchapp.localdoc: DEBUG: push views/elementsByWorkflow/reduce.js&#10;couchapp.localdoc: DEBUG: push views/specsByWorkflow/map.js&#10;couchapp.localdoc: DEBUG: push views/elementsByPileupData/map.js&#10;couchapp.localdoc: DEBUG: push views/activePileupData/map.js&#10;couchapp.localdoc: DEBUG: push views/activePileupData/reduce.js&#10;couchapp.localdoc: DEBUG: push views/elementsByStatus/map.js&#10;couchapp.localdoc: DEBUG: push views/elementsByData/map.js&#10;couchapp.localdoc: DEBUG: push views/elementsDetailByWorkflowAndStatus/map.js&#10;couchapp.localdoc: DEBUG: push views/workflowSummary/map.js&#10;couchapp.localdoc: DEBUG: push views/workflowSummary/reduce.js&#10;couchapp.localdoc: DEBUG: push views/analyticsData/map.js&#10;couchapp.localdoc: DEBUG: push views/analyticsData/reduce.js&#10;couchapp.localdoc: DEBUG: push views/stuckElements/map.js&#10;couchapp.localdoc: DEBUG: push views/activeData/map.js&#10;couchapp.localdoc: DEBUG: push views/activeData/reduce.js&#10;couchapp.localdoc: DEBUG: push views/jobsByRequest/map.js&#10;couchapp.localdoc: DEBUG: push views/jobsByRequest/reduce.js&#10;couchapp.localdoc: DEBUG: push views/wmbsUrl/map.js&#10;couchapp.localdoc: DEBUG: push views/wmbsUrl/reduce.js&#10;couchapp.localdoc: DEBUG: push views/jobInjectStatusByRequest/map.js&#10;couchapp.localdoc: DEBUG: push views/jobInjectStatusByRequest/reduce.js&#10;couchapp.localdoc: DEBUG: push views/elementsBySubscription/map.js&#10;couchapp.localdoc: DEBUG: push views/elements/map.js&#10;couchapp.localdoc: DEBUG: push views/activeParentData/map.js&#10;couchapp.localdoc: DEBUG: push views/activeParentData/reduce.js&#10;couchapp.localdoc: DEBUG: push views/childQueues/map.js&#10;couchapp.localdoc: DEBUG: push views/childQueues/reduce.js&#10;couchapp.localdoc: DEBUG: push views/jobStatusByRequest/map.js&#10;couchapp.localdoc: DEBUG: push views/jobStatusByRequest/reduce.js&#10;couchapp.localdoc: DEBUG: push views/elementsByParentData/map.js&#10;couchapp.localdoc: DEBUG: push views/elementsByParent/map.js&#10;couchapp.localdoc: DEBUG: push views/conflicts/map.js&#10;couchapp.localdoc: DEBUG: push views/recent-items/map.js&#10;couchapp.localdoc: DEBUG: push views/siteWhitelistByRequest/map.js&#10;couchapp.localdoc: DEBUG: push views/siteWhitelistByRequest/reduce.js&#10;couchapp.localdoc: DEBUG: push views/wmbsInjectStatusByRequest/map.js&#10;couchapp.localdoc: DEBUG: push views/wmbsInjectStatusByRequest/reduce.js&#10;couchapp.localdoc: DEBUG: push lists/stuckElements.js&#10;couchapp.localdoc: DEBUG: push lists/elementsDetail.js&#10;couchapp.localdoc: DEBUG: push lists/workRestrictions.js&#10;couchapp.localdoc: DEBUG: push lists/filter.js&#10;couchapp.localdoc: DEBUG: push lists/workflowSummary.js&#10;restkit.client.request: INFO: Start request: GET http://0.0.0.0:5984/workqueue_t_local/_design/WorkQueue&#10;restkit.client.request: DEBUG: Request headers: [['GET /workqueue_t_local/_design/WorkQueue HTTP/1.1\r\n', 'Host: 0.0.0.0:5984\r\n', 'User-Agent: couchapp/0.7.1\r\n', 'Accept-Encoding: None\r\n', 'Accept: application/json\r\n', 'Authorization: Basic ZXd2OmRtd210ZXN0\r\n', '\r\n']]&#10;restkit.client.request: DEBUG: Start response: 404 Object Not Found&#10;restkit.client.request: DEBUG: Response headers: [[('Server', 'CouchDB/1.6.1 (Erlang OTP/R14B04)'), ('Date', 'Mon, 12 Dec 2016 14:29:52 GMT'), ('Content-Type', 'application/json'), ('Content-Length', '41'), ('Cache-Control', 'must-revalidate')]]&#10;restkit.client.request: DEBUG: Return response: http://0.0.0.0:5984/workqueue_t_local/_design/WorkQueue&#10;couchapp.localdoc: DEBUG: attach index.html &#10;couchapp.localdoc: DEBUG: attach js/StuckElementInfo.js &#10;couchapp.localdoc: DEBUG: attach js/namespace.js &#10;couchapp.localdoc: DEBUG: attach js/ElementInfoByWorkflow.js &#10;couchapp.localdoc: DEBUG: attach js/dataTable.js &#10;couchapp.localdoc: DEBUG: attach js/WorkloadInfoTable.js &#10;couchapp.localdoc: DEBUG: attach style/main.css &#10;couchapp.localdoc: DEBUG: attach vendor/couchapp/jquery.couch.app.js &#10;couchapp.localdoc: DEBUG: attach vendor/couchapp/jquery.pathbinder.js &#10;couchapp.macros: DEBUG: process function: redirect&#10;couchapp.macros: DEBUG: process function: status&#10;couchapp.macros: DEBUG: process function: filter&#10;couchapp.macros: DEBUG: process function: stuckElements&#10;couchapp.macros: DEBUG: process function: workRestrictions&#10;couchapp.macros: DEBUG: process function: elementsDetail&#10;couchapp.macros: DEBUG: process function: workflowSummary&#10;couchapp.macros: DEBUG: process function: in-place&#10;couchapp.macros: DEBUG: process function: queueFilter&#10;couchapp.macros: DEBUG: process function: childQueueFilter&#10;couchapp.macros: DEBUG: process function: validate_doc_update&#10;couchapp.macros: DEBUG: process function: map&#10;couchapp.macros: DEBUG: process function: map&#10;couchapp.macros: DEBUG: process function: map&#10;couchapp.macros: DEBUG: process function: reduce&#10;couchapp.macros: DEBUG: process function: map&#10;couchapp.macros: DEBUG: process function: reduce&#10;couchapp.macros: DEBUG: process function: map&#10;couchapp.macros: DEBUG: process function: map&#10;couchapp.macros: DEBUG: process function: map&#10;couchapp.macros: DEBUG: process function: reduce&#10;couchapp.macros: DEBUG: process function: map&#10;couchapp.macros: DEBUG: process function: reduce&#10;couchapp.macros: DEBUG: process function: map&#10;couchapp.macros: DEBUG: process function: reduce&#10;couchapp.macros: DEBUG: process function: map&#10;couchapp.macros: DEBUG: process function: reduce&#10;couchapp.macros: DEBUG: process function: map&#10;couchapp.macros: DEBUG: process function: reduce&#10;couchapp.macros: DEBUG: process function: map&#10;couchapp.macros: DEBUG: process function: reduce&#10;couchapp.macros: DEBUG: process function: map&#10;couchapp.macros: DEBUG: process function: map&#10;couchapp.macros: DEBUG: process function: map&#10;couchapp.macros: DEBUG: process function: reduce&#10;couchapp.macros: DEBUG: process function: map&#10;couchapp.macros: DEBUG: process function: reduce&#10;couchapp.macros: DEBUG: process function: map&#10;couchapp.macros: DEBUG: process function: reduce&#10;couchapp.macros: DEBUG: process function: map&#10;couchapp.macros: DEBUG: process function: map&#10;couchapp.macros: DEBUG: process function: map&#10;couchapp.macros: DEBUG: process function: reduce&#10;couchapp.macros: DEBUG: process function: map&#10;couchapp.macros: DEBUG: process function: reduce&#10;couchapp.macros: DEBUG: process function: map&#10;couchapp.macros: DEBUG: process function: map&#10;couchapp.macros: DEBUG: process code macro: /build/cmsbld/jenkins-workarea/workspace/DMWM-WMAgent-TestAll/SLICE/0/label/slc6_amd64-cloud-tiny/code/src/couchapps/WorkQueue/lib/workqueue_utils.js&#10;couchapp.macros: DEBUG: process function: map&#10;couchapp.macros: DEBUG: process function: map&#10;couchapp.macros: DEBUG: process function: reduce&#10;couchapp.macros: DEBUG: process function: map&#10;couchapp.macros: DEBUG: process function: reduce&#10;couchapp.macros: DEBUG: process function: map&#10;couchapp.macros: DEBUG: process function: map&#10;restkit.client.request: INFO: Start request: PUT http://0.0.0.0:5984/workqueue_t_local/_design/WorkQueue&#10;restkit.client.request: DEBUG: Request headers: [['PUT /workqueue_t_local/_design/WorkQueue HTTP/1.1\r\n', 'Host: 0.0.0.0:5984\r\n', 'User-Agent: couchapp/0.7.1\r\n', 'Accept-Encoding: None\r\n', 'Accept: application/json\r\n', 'Content-Length: 101859\r\n', 'Content-Type: application/json\r\n', 'Authorization: Basic ZXd2OmRtd210ZXN0\r\n', '\r\n']]&#10;restkit.client.request: DEBUG: Start response: 201 Created&#10;restkit.client.request: DEBUG: Response headers: [[('Server', 'CouchDB/1.6.1 (Erlang OTP/R14B04)'), ('Location', 'http://0.0.0.0:5984/workqueue_t_local/_design/WorkQueue'), ('ETag', '&quot;1-c0666292b0bad14398f939545297e064&quot;'), ('Date', 'Mon, 12 Dec 2016 14:29:52 GMT'), ('Content-Type', 'application/json'), ('Content-Length', '80'), ('Cache-Control', 'must-revalidate')]]&#10;restkit.client.request: DEBUG: Return response: http://0.0.0.0:5984/workqueue_t_local/_design/WorkQueue&#10;couchapp.localdoc: INFO: Visit your CouchApp here:&#10;http://ewv:dmwmtest@0.0.0.0:5984/workqueue_t_local/_design/WorkQueue/index.html&#10;restkit.client.request: INFO: Start request: HEAD http://0.0.0.0:5984/workqueue_t_local_inbox&#10;restkit.client.request: DEBUG: Request headers: [['HEAD /workqueue_t_local_inbox HTTP/1.1\r\n', 'Host: 0.0.0.0:5984\r\n', 'User-Agent: couchapp/0.7.1\r\n', 'Accept-Encoding: None\r\n', 'Accept: application/json\r\n', 'Authorization: Basic ZXd2OmRtd210ZXN0\r\n', '\r\n']]&#10;restkit.client.request: DEBUG: Start response: 200 OK&#10;restkit.client.request: DEBUG: Response headers: [[('Server', 'CouchDB/1.6.1 (Erlang OTP/R14B04)'), ('Date', 'Mon, 12 Dec 2016 14:29:52 GMT'), ('Content-Type', 'application/json'), ('Content-Length', '242'), ('Cache-Control', 'must-revalidate')]]&#10;restkit.client.request: DEBUG: Return response: http://0.0.0.0:5984/workqueue_t_local_inbox&#10;couchapp.localdoc: DEBUG: push shows/redirect.js&#10;couchapp.localdoc: DEBUG: push shows/status.js&#10;couchapp.localdoc: DEBUG: push filters/childQueueFilter.js&#10;couchapp.localdoc: DEBUG: push filters/queueFilter.js&#10;couchapp.localdoc: DEBUG: push rewrites.json&#10;couchapp.localdoc: DEBUG: push README.md&#10;couchapp.localdoc: DEBUG: push templates/TaskStatus.html&#10;couchapp.localdoc: DEBUG: push templates/StuckElementSummary.html&#10;couchapp.localdoc: DEBUG: push templates/ElementSummaryByWorkflow.html&#10;couchapp.localdoc: DEBUG: push templates/partials/yui-lib-remote.html&#10;couchapp.localdoc: DEBUG: push templates/partials/workqueue-common-lib.html&#10;couchapp.localdoc: DEBUG: push templates/partials/yui-lib.html&#10;couchapp.localdoc: DEBUG: push templates/WorkflowSummary.
[...]
Mon Dec 12 15:44:13 2016: ApMon[NOTICE]: Packet sent to 127.0.0.1:8884 
Mon Dec 12 15:44:13 2016: ApMon[DEBUG]: Closing UDP socket on ApMon object destroy.
Mon Dec 12 15:44:13 2016: ApMon[INFO]: Adding destination 127.0.0.1:8884 
Mon Dec 12 15:44:13 2016: ApMon[DEBUG]: Overwritting option: sys_monitoring = 0
Mon Dec 12 15:44:13 2016: ApMon[DEBUG]: Overwritting option: general_info = 0
Mon Dec 12 15:44:13 2016: ApMon[DEBUG]: Overwritting option: job_monitoring = 0
Mon Dec 12 15:44:13 2016: ApMon[NOTICE]: Adding parameter MessageType = JobMeta
Mon Dec 12 15:44:13 2016: ApMon[NOTICE]: Adding parameter jobId = 729a9cde-c079-11e6-99fc-02163e00d62a_1
Mon Dec 12 15:44:13 2016: ApMon[NOTICE]: Adding parameter taskId = wmagent_7257dd54-c079-11e6-99fc-02163e00d62a
Mon Dec 12 15:44:13 2016: ApMon[WARNING]: Ignore TaskType parameter because of None value
Mon Dec 12 15:44:13 2016: ApMon[NOTICE]: Adding parameter NEventsToProcess = NotAvailable
Mon Dec 12 15:44:13 2016: ApMon[NOTICE]: Adding parameter JobType = Processing
Mon Dec 12 15:44:13 2016: ApMon[DEBUG]: previously sent: 0; dropped: 0
Mon Dec 12 15:44:13 2016: ApMon[NOTICE]: Building XDR packet [wmagent_7257dd54-c079-11e6-99fc-02163e00d62a/729a9cde-c079-11e6-99fc-02163e00d62a_1] <1/8256590> 5 params, 352 bytes.
Mon Dec 12 15:44:13 2016: ApMon[NOTICE]: Packet sent to 127.0.0.1:8884 
Mon Dec 12 15:44:13 2016: ApMon[NOTICE]: Adding parameter MessageType = JobMeta
Mon Dec 12 15:44:13 2016: ApMon[NOTICE]: Adding parameter jobId = 729ab32c-c079-11e6-99fc-02163e00d62a_1
Mon Dec 12 15:44:13 2016: ApMon[NOTICE]: Adding parameter taskId = wmagent_7257dd54-c079-11e6-99fc-02163e00d62a
Mon Dec 12 15:44:13 2016: ApMon[WARNING]: Ignore TaskType parameter because of None value
Mon Dec 12 15:44:13 2016: ApMon[NOTICE]: Adding parameter NEventsToProcess = NotAvailable
Mon Dec 12 15:44:13 2016: ApMon[NOTICE]: Adding parameter JobType = Processing
Mon Dec 12 15:44:13 2016: ApMon[NOTICE]: Building XDR packet [wmagent_7257dd54-c079-11e6-99fc-02163e00d62a/729ab32c-c079-11e6-99fc-02163e00d62a_1] <2/8256590> 5 params, 352 bytes.
Mon Dec 12 15:44:13 2016: ApMon[NOTICE]: Packet sent to 127.0.0.1:8884 
Mon Dec 12 15:44:13 2016: ApMon[NOTICE]: Adding parameter MessageType = JobMeta
Mon Dec 12 15:44:13 2016: ApMon[NOTICE]: Adding parameter jobId = 729abde0-c079-11e6-99fc-02163e00d62a_1
Mon Dec 12 15:44:13 2016: ApMon[NOTICE]: Adding parameter taskId = wmagent_7257dd54-c079-11e6-99fc-02163e00d62a
Mon Dec 12 15:44:13 2016: ApMon[WARNING]: Ignore TaskType parameter because of None value
Mon Dec 12 15:44:13 2016: ApMon[NOTICE]: Adding parameter NEventsToProcess = NotAvailable
Mon Dec 12 15:44:13 2016: ApMon[NOTICE]: Adding parameter JobType = Processing
Mon Dec 12 15:44:13 2016: ApMon[NOTICE]: Building XDR packet [wmagent_7257dd54-c079-11e6-99fc-02163e00d62a/729abde0-c079-11e6-99fc-02163e00d62a_1] <3/8256590> 5 params, 352 bytes.
Mon Dec 12 15:44:13 2016: ApMon[NOTICE]: Packet sent to 127.0.0.1:8884 
Mon Dec 12 15:44:13 2016: ApMon[NOTICE]: Adding parameter MessageType = JobMeta
Mon Dec 12 15:44:13 2016: ApMon[NOTICE]: Adding parameter jobId = 729ac768-c079-11e6-99fc-02163e00d62a_1
Mon Dec 12 15:44:13 2016: ApMon[NOTICE]: Adding parameter taskId = wmagent_7257dd54-c079-11e6-99fc-02163e00d62a
Mon Dec 12 15:44:13 2016: ApMon[WARNING]: Ignore TaskType parameter because of None value
Mon Dec 12 15:44:13 2016: ApMon[NOTICE]: Adding parameter NEventsToProcess = NotAvailable
Mon Dec 12 15:44:13 2016: ApMon[NOTICE]: Adding parameter JobType = Processing
Mon Dec 12 15:44:13 2016: ApMon[NOTICE]: Building XDR packet [wmagent_7257dd54-c079-11e6-99fc-02163e00d62a/729ac768-c079-11e6-99fc-02163e00d62a_1] <4/8256590> 5 params, 352 bytes.
Mon Dec 12 15:44:13 2016: ApMon[NOTICE]: Packet sent to 127.0.0.1:8884 
Mon Dec 12 15:44:13 2016: ApMon[NOTICE]: Adding parameter MessageType = JobMeta
Mon Dec 12 15:44:13 2016: ApMon[NOTICE]: Adding parameter jobId = 729ad0e6-c079-11e6-99fc-02163e00d62a_1
Mon Dec 12 15:44:13 2016: ApMon[NOTICE]: Adding parameter taskId = wmagent_7257dd54-c079-11e6-99fc-02163e00d62a
Mon Dec 12 15:44:13 2016: ApMon[WARNING]: Ignore TaskType parameter because of None value
Mon Dec 12 15:44:13 2016: ApMon[NOTICE]: Adding parameter NEventsToProcess = NotAvailable
Mon Dec 12 15:44:13 2016: ApMon[NOTICE]: Adding parameter JobType = Processing
Mon Dec 12 15:44:13 2016: ApMon[NOTICE]: Building XDR packet [wmagent_7257dd54-c079-11e6-99fc-02163e00d62a/729ad0e6-c079-11e6-99fc-02163e00d62a_1] <5/8256590> 5 params, 352 bytes.
Mon Dec 12 15:44:13 2016: ApMon[NOTICE]: Packet sent to 127.0.0.1:8884 
Mon Dec 12 15:44:13 2016: ApMon[NOTICE]: Adding parameter MessageType = JobMeta
Mon Dec 12 15:44:13 2016: ApMon[NOTICE]: Adding parameter jobId = 729ad924-c079-11e6-99fc-02163e00d62a_1
Mon Dec 12 15:44:13 2016: ApMon[NOTICE]: Adding parameter taskId = wmagent_7257dd54-c079-11e6-99fc-02163e00d62a
Mon Dec 12 15:44:13 2016: ApMon[WARNING]: Ignore TaskType parameter because of None value
Mon Dec 12 15:44:13 2016: ApMon[NOTICE]: Adding parameter NEventsToProcess = NotAvailable
Mon Dec 12 15:44:13 2016: ApMon[NOTICE]: Adding parameter JobType = Processing
Mon Dec 12 15:44:13 2016: ApMon[NOTICE]: Building XDR packet [wmagent_7257dd54-c079-11e6-99fc-02163e00d62a/729ad924-c079-11e6-99fc-02163e00d62a_1] <6/8256590> 5 params, 352 bytes.
Mon Dec 12 15:44:13 2016: ApMon[NOTICE]: Packet sent to 127.0.0.1:8884 
Mon Dec 12 15:44:13 2016: ApMon[NOTICE]: Adding parameter MessageType = JobMeta
Mon Dec 12 15:44:13 2016: ApMon[NOTICE]: Adding parameter jobId = 729ae2e8-c079-11e6-99fc-02163e00d62a_1
Mon Dec 12 15:44:13 2016: ApMon[NOTICE]: Adding parameter taskId = wmagent_7257dd54-c079-11e6-99fc-02163e00d62a
Mon Dec 12 15:44:13 2016: ApMon[WARNING]: Ignore TaskType parameter because of None value
Mon Dec 12 15:44:13 2016: ApMon[NOTICE]: Adding parameter NEventsToProcess = NotAvailable
Mon Dec 12 15:44:13 2016: ApMon[NOTICE]: Adding parameter JobType = Processing
Mon Dec 12 15:44:13 2016: ApMon[NOTICE]: Building XDR packet [wmagent_7257dd54-c079-11e6-99fc-02163e00d62a/729ae2e8-c079-11e6-99fc-02163e00d62a_1] <7/8256590> 5 params, 352 bytes.
Mon Dec 12 15:44:13 2016: ApMon[NOTICE]: Packet sent to 127.0.0.1:8884 
Mon Dec 12 15:44:13 2016: ApMon[NOTICE]: Adding parameter MessageType = JobMeta
Mon Dec 12 15:44:13 2016: ApMon[NOTICE]: Adding parameter jobId = 729aec20-c079-11e6-99fc-02163e00d62a_1
Mon Dec 12 15:44:13 2016: ApMon[NOTICE]: Adding parameter taskId = wmagent_7257dd54-c079-11e6-99fc-02163e00d62a
Mon Dec 12 15:44:13 2016: ApMon[WARNING]: Ignore TaskType parameter because of None value
Mon Dec 12 15:44:13 2016: ApMon[NOTICE]: Adding parameter NEventsToProcess = NotAvailable
Mon Dec 12 15:44:13 2016: ApMon[NOTICE]: Adding parameter JobType = Processing
Mon Dec 12 15:44:13 2016: ApMon[NOTICE]: Building XDR packet [wmagent_7257dd54-c079-11e6-99fc-02163e00d62a/729aec20-c079-11e6-99fc-02163e00d62a_1] <8/8256590> 5 params, 352 bytes.
Mon Dec 12 15:44:13 2016: ApMon[NOTICE]: Packet sent to 127.0.0.1:8884 
Mon Dec 12 15:44:13 2016: ApMon[NOTICE]: Adding parameter MessageType = JobMeta
Mon Dec 12 15:44:13 2016: ApMon[NOTICE]: Adding parameter jobId = 729af60c-c079-11e6-99fc-02163e00d62a_1
Mon Dec 12 15:44:13 2016: ApMon[NOTICE]: Adding parameter taskId = wmagent_7257dd54-c079-11e6-99fc-02163e00d62a
Mon Dec 12 15:44:13 2016: ApMon[WARNING]: Ignore TaskType parameter because of None value
Mon Dec 12 15:44:13 2016: ApMon[NOTICE]: Adding parameter NEventsToProcess = NotAvailable
Mon Dec 12 15:44:13 2016: ApMon[NOTICE]: Adding parameter JobType = Processing
Mon Dec 12 15:44:13 2016: ApMon[NOTICE]: Building XDR packet [wmagent_7257dd54-c079-11e6-99fc-02163e00d62a/729af60c-c079-11e6-99fc-02163e00d62a_1] <9/8256590> 5 params, 352 bytes.
Mon Dec 12 15:44:13 2016: ApMon[NOTICE]: Packet sent to 127.0.0.1:8884 
Mon Dec 12 15:44:13 2016: ApMon[NOTICE]: Adding parameter MessageType = JobMeta
Mon Dec 12 15:44:13 2016: ApMon[NOTICE]: Adding parameter jobId = 729aff08-c079-11e6-99fc-02163e00d62a_1
Mon Dec 12 15:44:13 2016: ApMon[NOTICE]: Adding parameter taskId = wmagent_7257dd54-c079-11e6-99fc-02163e00d62a
Mon Dec 12 15:44:13 2016: ApMon[WARNING]: Ignore TaskType parameter because of None value
Mon Dec 12 15:44:13 2016: ApMon[NOTICE]: Adding parameter NEventsToProcess = NotAvailable
Mon Dec 12 15:44:13 2016: ApMon[NOTICE]: Adding parameter JobType = Processing
Mon Dec 12 15:44:13 2016: ApMon[NOTICE]: Building XDR packet [wmagent_7257dd54-c079-11e6-99fc-02163e00d62a/729aff08-c079-11e6-99fc-02163e00d62a_1] <10/8256590> 5 params, 352 bytes.
Mon Dec 12 15:44:13 2016: ApMon[NOTICE]: Packet sent to 127.0.0.1:8884 
Mon Dec 12 15:44:13 2016: ApMon[DEBUG]: Closing UDP socket on ApMon object destroy.
Mon Dec 12 15:44:14 2016: ApMon[INFO]: Adding destination 127.0.0.1:8884 
Mon Dec 12 15:44:14 2016: ApMon[DEBUG]: Overwritting option: sys_monitoring = 0
Mon Dec 12 15:44:14 2016: ApMon[DEBUG]: Overwritting option: general_info = 0
Mon Dec 12 15:44:14 2016: ApMon[DEBUG]: Overwritting option: job_monitoring = 0
Mon Dec 12 15:44:14 2016: ApMon[NOTICE]: Adding parameter MessageType = JobMeta
Mon Dec 12 15:44:14 2016: ApMon[NOTICE]: Adding parameter jobId = 729a9cde-c079-11e6-99fc-02163e00d62a_2
Mon Dec 12 15:44:14 2016: ApMon[NOTICE]: Adding parameter taskId = wmagent_7257dd54-c079-11e6-99fc-02163e00d62a
Mon Dec 12 15:44:14 2016: ApMon[WARNING]: Ignore TaskType parameter because of None value
Mon Dec 12 15:44:14 2016: ApMon[NOTICE]: Adding parameter NEventsToProcess = NotAvailable
Mon Dec 12 15:44:14 2016: ApMon[NOTICE]: Adding parameter JobType = Processing
Mon Dec 12 15:44:14 2016: ApMon[DEBUG]: previously sent: 0; dropped: 0
Mon Dec 12 15:44:14 2016: ApMon[NOTICE]: Building XDR packet [wmagent_7257dd54-c079-11e6-99fc-02163e00d62a/729a9cde-c079-11e6-99fc-02163e00d62a_2] <1/8256678> 5 params, 352 bytes.
Mon Dec 12 15:44:14 2016: ApMon[NOTICE]: Packet sent to 127.0.0.1:8884 
Mon Dec 12 15:44:14 2016: ApMon[NOTICE]: Adding parameter MessageType = JobMeta
Mon Dec 12 15:44:14 2016: ApMon[NOTICE]: Adding parameter jobId = 729ab32c-c079-11e6-99fc-02163e00d62a_2
Mon Dec 12 15:44:14 2016: ApMon[NOTICE]: Adding parameter taskId = wmagent_7257dd54-c079-11e6-99fc-02163e00d62a
Mon Dec 12 15:44:14 2016: ApMon[WARNING]: Ignore TaskType parameter because of None value
Mon Dec 12 15:44:14 2016: ApMon[NOTICE]: Adding parameter NEventsToProcess = NotAvailable
Mon Dec 12 15:44:14 2016: ApMon[NOTICE]: Adding parameter JobType = Processing
Mon Dec 12 15:44:14 2016: ApMon[NOTICE]: Building XDR packet [wmagent_7257dd54-c079-11e6-99fc-02163e00d62a/729ab32c-c079-11e6-99fc-02163e00d62a_2] <2/8256678> 5 params, 352 bytes.
Mon Dec 12 15:44:14 2016: ApMon[NOTICE]: Packet sent to 127.0.0.1:8884 
Mon Dec 12 15:44:14 2016: ApMon[NOTICE]: Adding parameter MessageType = JobMeta
Mon Dec 12 15:44:14 2016: ApMon[NOTICE]: Adding parameter jobId = 729abde0-c079-11e6-99fc-02163e00d62a_2
Mon Dec 12 15:44:14 2016: ApMon[NOTICE]: Adding parameter taskId = wmagent_7257dd54-c079-11e6-99fc-02163e00d62a
Mon Dec 12 15:44:14 2016: ApMon[WARNING]: Ignore TaskType parameter because of None value
Mon Dec 12 15:44:14 2016: ApMon[NOTICE]: Adding parameter NEventsToProcess = NotAvailable
Mon Dec 12 15:44:14 2016: ApMon[NOTICE]: Adding parameter JobType = Processing
Mon Dec 12 15:44:14 2016: ApMon[NOTICE]: Building XDR packet [wmagent_7257dd54-c079-11e6-99fc-02163e00d62a/729abde0-c079-11e6-99fc-02163e00d62a_2] <3/8256678> 5 params, 352 bytes.
Mon Dec 12 15:44:14 2016: ApMon[NOTICE]: Packet sent to 127.0.0.1:8884 
Mon Dec 12 15:44:14 2016: ApMon[NOTICE]: Adding parameter MessageType = JobMeta
Mon Dec 12 15:44:14 2016: ApMon[NOTICE]: Adding parameter jobId = 729ac768-c079-11e6-99fc-02163e00d62a_2
Mon Dec 12 15:44:14 2016: ApMon[NOTICE]: Adding parameter taskId = wmagent_7257dd54-c079-11e6-99fc-02163e00d62a
Mon Dec 12 15:44:14 2016: ApMon[WARNING]: Ignore TaskType parameter because of None value
Mon Dec 12 15:44:14 2016: ApMon[NOTICE]: Adding parameter NEventsToProcess = NotAvailable
Mon Dec 12 15:44:14 2016: ApMon[NOTICE]: Adding parameter JobType = Processing
Mon Dec 12 15:44:14 2016: ApMon[NOTICE]: Building XDR packet [wmagent_7257dd54-c079-11e6-99fc-02163e00d62a/729ac768-c079-11e6-99fc-02163e00d62a_2] <4/8256678> 5 params, 352 bytes.
Mon Dec 12 15:44:14 2016: ApMon[NOTICE]: Packet sent to 127.0.0.1:8884 
Mon Dec 12 15:44:14 2016: ApMon[NOTICE]: Adding parameter MessageType = JobMeta
Mon Dec 12 15:44:14 2016: ApMon[NOTICE]: Adding parameter jobId = 729ad0e6-c079-11e6-99fc-02163e00d62a_2
Mon Dec 12 15:44:14 2016: ApMon[NOTICE]: Adding parameter taskId = wmagent_7257dd54-c079-11e6-99fc-02163e00d62a
Mon Dec 12 15:44:14 2016: ApMon[WARNING]: Ignore TaskType parameter because of None value
Mon Dec 12 15:44:14 2016: ApMon[NOTICE]: Adding parameter NEventsToProcess = NotAvailable
Mon Dec 12 15:44:14 2016: ApMon[NOTICE]: Adding parameter JobType = Processing
Mon Dec 12 15:44:14 2016: ApMon[NOTICE]: Building XDR packet [wmagent_7257dd54-c079-11e6-99fc-02163e00d62a/729ad0e6-c079-11e6-99fc-02163e00d62a_2] <5/8256678> 5 params, 352 bytes.
Mon Dec 12 15:44:14 2016: ApMon[NOTICE]: Packet sent to 127.0.0.1:8884 
Mon Dec 12 15:44:14 2016: ApMon[NOTICE]: Adding parameter MessageType = JobMeta
Mon Dec 12 15:44:14 2016: ApMon[NOTICE]: Adding parameter jobId = 729ad924-c079-11e6-99fc-02163e00d62a_2
Mon Dec 12 15:44:14 2016: ApMon[NOTICE]: Adding parameter taskId = wmagent_7257dd54-c079-11e6-99fc-02163e00d62a
Mon Dec 12 15:44:14 2016: ApMon[WARNING]: Ignore TaskType parameter because of None value
Mon Dec 12 15:44:14 2016: ApMon[NOTICE]: Adding parameter NEventsToProcess = NotAvailable
Mon Dec 12 15:44:14 2016: ApMon[NOTICE]: Adding parameter JobType = Processing
Mon Dec 12 15:44:14 2016: ApMon[NOTICE]: Building XDR packet [wmagent_7257dd54-c079-11e6-99fc-02163e00d62a/729ad924-c079-11e6-99fc-02163e00d62a_2] <6/8256678> 5 params, 352 bytes.
Mon Dec 12 15:44:14 2016: ApMon[NOTICE]: Packet sent to 127.0.0.1:8884 
Mon Dec 12 15:44:14 2016: ApMon[NOTICE]: Adding parameter MessageType = JobMeta
Mon Dec 12 15:44:14 2016: ApMon[NOTICE]: Adding parameter jobId = 729ae2e8-c079-11e6-99fc-02163e00d62a_2
Mon Dec 12 15:44:14 2016: ApMon[NOTICE]: Adding parameter taskId = wmagent_7257dd54-c079-11e6-99fc-02163e00d62a
Mon Dec 12 15:44:14 2016: ApMon[WARNING]: Ignore TaskType parameter because of None value
Mon Dec 12 15:44:14 2016: ApMon[NOTICE]: Adding parameter NEventsToProcess = NotAvailable
Mon Dec 12 15:44:14 2016: ApMon[NOTICE]: Adding parameter JobType = Processing
Mon Dec 12 15:44:14 2016: ApMon[NOTICE]: Building XDR packet [wmagent_7257dd54-c079-11e6-99fc-02163e00d62a/729ae2e8-c079-11e6-99fc-02163e00d62a_2] <7/8256678> 5 params, 352 bytes.
Mon Dec 12 15:44:14 2016: ApMon[NOTICE]: Packet sent to 127.0.0.1:8884 
Mon Dec 12 15:44:14 2016: ApMon[NOTICE]: Adding parameter MessageType = JobMeta
Mon Dec 12 15:44:14 2016: ApMon[NOTICE]: Adding parameter jobId = 729aec20-c079-11e6-99fc-02163e00d62a_2
Mon Dec 12 15:44:14 2016: ApMon[NOTICE]: Adding parameter taskId = wmagent_7257dd54-c079-11e6-99fc-02163e00d62a
Mon Dec 12 15:44:14 2016: ApMon[WARNING]: Ignore TaskType parameter because of None value
Mon Dec 12 15:44:14 2016: ApMon[NOTICE]: Adding parameter NEventsToProcess = NotAvailable
Mon Dec 12 15:44:14 2016: ApMon[NOTICE]: Adding parameter JobType = Processing
Mon Dec 12 15:44:14 2016: ApMon[NOTICE]: Building XDR packet [wmagent_7257dd54-c079-11e6-99fc-02163e00d62a/729aec20-c079-11e6-99fc-02163e00d62a_2] <8/8256678> 5 params, 352 bytes.
Mon Dec 12 15:44:14 2016: ApMon[NOTICE]: Packet sent to 127.0.0.1:8884 
Mon Dec 12 15:44:14 2016: ApMon[NOTICE]: Adding parameter MessageType = JobMeta
Mon Dec 12 15:44:14 2016: ApMon[NOTICE]: Adding parameter jobId = 729af60c-c079-11e6-99fc-02163e00d62a_2
Mon Dec 12 15:44:14 2016: ApMon[NOTICE]: Adding parameter taskId = wmagent_7257dd54-c079-11e6-99fc-02163e00d62a
Mon Dec 12 15:44:14 2016: ApMon[WARNING]: Ignore TaskType parameter because of None value
Mon Dec 12 15:44:14 2016: ApMon[NOTICE]: Adding parameter NEventsToProcess = NotAvailable
Mon Dec 12 15:44:14 2016: ApMon[NOTICE]: Adding parameter JobType = Processing
Mon Dec 12 15:44:14 2016: ApMon[NOTICE]: Building XDR packet [wmagent_7257dd54-c079-11e6-99fc-02163e00d62a/729af60c-c079-11e6-99fc-02163e00d62a_2] <9/8256678> 5 params, 352 bytes.
Mon Dec 12 15:44:14 2016: ApMon[NOTICE]: Packet sent to 127.0.0.1:8884 
Mon Dec 12 15:44:14 2016: ApMon[NOTICE]: Adding parameter MessageType = JobMeta
Mon Dec 12 15:44:14 2016: ApMon[NOTICE]: Adding parameter jobId = 729aff08-c079-11e6-99fc-02163e00d62a_2
Mon Dec 12 15:44:14 2016: ApMon[NOTICE]: Adding parameter taskId = wmagent_7257dd54-c079-11e6-99fc-02163e00d62a
Mon Dec 12 15:44:14 2016: ApMon[WARNING]: Ignore TaskType parameter because of None value
Mon Dec 12 15:44:14 2016: ApMon[NOTICE]: Adding parameter NEventsToProcess = NotAvailable
Mon Dec 12 15:44:14 2016: ApMon[NOTICE]: Adding parameter JobType = Processing
Mon Dec 12 15:44:14 2016: ApMon[NOTICE]: Building XDR packet [wmagent_7257dd54-c079-11e6-99fc-02163e00d62a/729aff08-c079-11e6-99fc-02163e00d62a_2] <10/8256678> 5 params, 352 bytes.
Mon Dec 12 15:44:14 2016: ApMon[NOTICE]: Packet sent to 127.0.0.1:8884 
Mon Dec 12 15:44:14 2016: ApMon[DEBUG]: Closing UDP socket on ApMon object destroy.
]]></system-out></testcase><testcase classname="Simple_t.SimpleTest" name="test_basic_fail" time="6.171"><error type="socket.error" message="[Errno 111] Connection refused"><![CDATA[Traceback (most recent call last):
  File "/build/cmsbld/jenkins-workarea/workspace/DMWM-WMAgent-TestAll/SLICE/0/label/slc6_amd64-cloud-tiny/deploy/1.0.23.pre3-comp2/sw/slc6_amd64_gcc493/external/python/2.7.11-comp/lib/python2.7/unittest/case.py", line 329, in run
    testMethod()
  File "/build/cmsbld/jenkins-workarea/workspace/DMWM-WMAgent-TestAll/SLICE/0/label/slc6_amd64-cloud-tiny/code/test/python/WMCore_t/REST_t/Simple_t.py", line 41, in test_basic_fail
    self.getPage("/test")
  File "/build/cmsbld/jenkins-workarea/workspace/DMWM-WMAgent-TestAll/SLICE/0/label/slc6_amd64-cloud-tiny/deploy/1.0.23.pre3-comp2/sw/slc6_amd64_gcc493/external/cherrypy/5.4.0/lib/python2.7/site-packages/cherrypy/test/webtest.py", line 276, in getPage
    raise_subcls)
  File "/build/cmsbld/jenkins-workarea/workspace/DMWM-WMAgent-TestAll/SLICE/0/label/slc6_amd64-cloud-tiny/deploy/1.0.23.pre3-comp2/sw/slc6_amd64_gcc493/external/cherrypy/5.4.0/lib/python2.7/site-packages/cherrypy/test/webtest.py", line 556, in openURL
    conn.endheaders()
  File "/build/cmsbld/jenkins-workarea/workspace/DMWM-WMAgent-TestAll/SLICE/0/label/slc6_amd64-cloud-tiny/deploy/1.0.23.pre3-comp2/sw/slc6_amd64_gcc493/external/python/2.7.11-comp/lib/python2.7/httplib.py", line 1053, in endheaders
    self._send_output(message_body)
  File "/build/cmsbld/jenkins-workarea/workspace/DMWM-WMAgent-TestAll/SLICE/0/label/slc6_amd64-cloud-tiny/deploy/1.0.23.pre3-comp2/sw/slc6_amd64_gcc493/external/python/2.7.11-comp/lib/python2.7/httplib.py", line 897, in _send_output
    self.send(msg)
  File "/build/cmsbld/jenkins-workarea/workspace/DMWM-WMAgent-TestAll/SLICE/0/label/slc6_amd64-cloud-tiny/deploy/1.0.23.pre3-comp2/sw/slc6_amd64_gcc493/external/python/2.7.11-comp/lib/python2.7/httplib.py", line 859, in send
    self.connect()
  File "/build/cmsbld/jenkins-workarea/workspace/DMWM-WMAgent-TestAll/SLICE/0/label/slc6_amd64-cloud-tiny/deploy/1.0.23.pre3-comp2/sw/slc6_amd64_gcc493/external/python/2.7.11-comp/lib/python2.7/httplib.py", line 836, in connect
    self.timeout, self.source_address)
  File "/build/cmsbld/jenkins-workarea/workspace/DMWM-WMAgent-TestAll/SLICE/0/label/slc6_amd64-cloud-tiny/deploy/1.0.23.pre3-comp2/sw/slc6_amd64_gcc493/external/python/2.7.11-comp/lib/python2.7/socket.py", line 575, in create_connection
    raise err
error: [Errno 111] Connection refused
]]></error></testcase></testsuite>